<?xml version="1.0" encoding="UTF-8"?>
<testsuite xmlns:xsi="http://www.w3.org/2001/XMLSchema-instance" xsi:noNamespaceSchemaLocation="https://maven.apache.org/surefire/maven-failsafe-plugin/xsd/failsafe-test-report-3.0.xsd" version="3.0" name="testsuites.DemoTestSuite" time="13.438" tests="1" errors="0" skipped="0" failures="0">
  <properties>
    <property name="sun.desktop" value="windows"/>
    <property name="awt.toolkit" value="sun.awt.windows.WToolkit"/>
    <property name="file.encoding.pkg" value="sun.io"/>
    <property name="java.specification.version" value="1.8"/>
    <property name="sun.cpu.isalist" value="amd64"/>
    <property name="sun.jnu.encoding" value="Cp1252"/>
    <property name="java.class.path" value="D:\Automation-Api\GSM_API\target\test-classes;D:\Automation-Api\GSM_API\target\project-base-api-1.0-SNAPSHOT.jar;C:\Users\dunghv1\.m2\repository\org\seleniumhq\selenium\selenium-java\4.1.2\selenium-java-4.1.2.jar;C:\Users\dunghv1\.m2\repository\org\seleniumhq\selenium\selenium-api\4.1.2\selenium-api-4.1.2.jar;C:\Users\dunghv1\.m2\repository\org\seleniumhq\selenium\selenium-chrome-driver\4.1.2\selenium-chrome-driver-4.1.2.jar;C:\Users\dunghv1\.m2\repository\com\google\auto\service\auto-service-annotations\1.0.1\auto-service-annotations-1.0.1.jar;C:\Users\dunghv1\.m2\repository\com\google\auto\service\auto-service\1.0.1\auto-service-1.0.1.jar;C:\Users\dunghv1\.m2\repository\com\google\auto\auto-common\1.2\auto-common-1.2.jar;C:\Users\dunghv1\.m2\repository\com\google\guava\guava\31.0.1-jre\guava-31.0.1-jre.jar;C:\Users\dunghv1\.m2\repository\com\google\guava\failureaccess\1.0.1\failureaccess-1.0.1.jar;C:\Users\dunghv1\.m2\repository\com\google\guava\listenablefuture\9999.0-empty-to-avoid-conflict-with-guava\listenablefuture-9999.0-empty-to-avoid-conflict-with-guava.jar;C:\Users\dunghv1\.m2\repository\com\google\code\findbugs\jsr305\3.0.2\jsr305-3.0.2.jar;C:\Users\dunghv1\.m2\repository\org\checkerframework\checker-qual\3.12.0\checker-qual-3.12.0.jar;C:\Users\dunghv1\.m2\repository\com\google\errorprone\error_prone_annotations\2.7.1\error_prone_annotations-2.7.1.jar;C:\Users\dunghv1\.m2\repository\com\google\j2objc\j2objc-annotations\1.3\j2objc-annotations-1.3.jar;C:\Users\dunghv1\.m2\repository\org\seleniumhq\selenium\selenium-chromium-driver\4.1.2\selenium-chromium-driver-4.1.2.jar;C:\Users\dunghv1\.m2\repository\org\seleniumhq\selenium\selenium-json\4.1.2\selenium-json-4.1.2.jar;C:\Users\dunghv1\.m2\repository\org\seleniumhq\selenium\selenium-devtools-v85\4.1.2\selenium-devtools-v85-4.1.2.jar;C:\Users\dunghv1\.m2\repository\org\seleniumhq\selenium\selenium-devtools-v95\4.1.2\selenium-devtools-v95-4.1.2.jar;C:\Users\dunghv1\.m2\repository\org\seleniumhq\selenium\selenium-devtools-v96\4.1.2\selenium-devtools-v96-4.1.2.jar;C:\Users\dunghv1\.m2\repository\org\seleniumhq\selenium\selenium-devtools-v97\4.1.2\selenium-devtools-v97-4.1.2.jar;C:\Users\dunghv1\.m2\repository\org\seleniumhq\selenium\selenium-edge-driver\4.1.2\selenium-edge-driver-4.1.2.jar;C:\Users\dunghv1\.m2\repository\org\seleniumhq\selenium\selenium-firefox-driver\4.1.2\selenium-firefox-driver-4.1.2.jar;C:\Users\dunghv1\.m2\repository\org\seleniumhq\selenium\selenium-firefox-xpi-driver\4.1.2\selenium-firefox-xpi-driver-4.1.2.jar;C:\Users\dunghv1\.m2\repository\org\seleniumhq\selenium\selenium-ie-driver\4.1.2\selenium-ie-driver-4.1.2.jar;C:\Users\dunghv1\.m2\repository\org\seleniumhq\selenium\selenium-opera-driver\4.1.2\selenium-opera-driver-4.1.2.jar;C:\Users\dunghv1\.m2\repository\org\seleniumhq\selenium\selenium-remote-driver\4.1.2\selenium-remote-driver-4.1.2.jar;C:\Users\dunghv1\.m2\repository\com\beust\jcommander\1.82\jcommander-1.82.jar;C:\Users\dunghv1\.m2\repository\io\netty\netty-buffer\4.1.73.Final\netty-buffer-4.1.73.Final.jar;C:\Users\dunghv1\.m2\repository\io\netty\netty-codec-http\4.1.73.Final\netty-codec-http-4.1.73.Final.jar;C:\Users\dunghv1\.m2\repository\io\netty\netty-codec\4.1.73.Final\netty-codec-4.1.73.Final.jar;C:\Users\dunghv1\.m2\repository\io\netty\netty-handler\4.1.73.Final\netty-handler-4.1.73.Final.jar;C:\Users\dunghv1\.m2\repository\io\netty\netty-tcnative-classes\2.0.46.Final\netty-tcnative-classes-2.0.46.Final.jar;C:\Users\dunghv1\.m2\repository\io\netty\netty-common\4.1.73.Final\netty-common-4.1.73.Final.jar;C:\Users\dunghv1\.m2\repository\io\netty\netty-transport-classes-epoll\4.1.73.Final\netty-transport-classes-epoll-4.1.73.Final.jar;C:\Users\dunghv1\.m2\repository\io\netty\netty-transport-classes-kqueue\4.1.73.Final\netty-transport-classes-kqueue-4.1.73.Final.jar;C:\Users\dunghv1\.m2\repository\io\netty\netty-transport-native-epoll\4.1.73.Final\netty-transport-native-epoll-4.1.73.Final.jar;C:\Users\dunghv1\.m2\repository\io\netty\netty-transport-native-kqueue\4.1.73.Final\netty-transport-native-kqueue-4.1.73.Final.jar;C:\Users\dunghv1\.m2\repository\io\netty\netty-transport-native-unix-common\4.1.73.Final\netty-transport-native-unix-common-4.1.73.Final.jar;C:\Users\dunghv1\.m2\repository\io\netty\netty-transport\4.1.73.Final\netty-transport-4.1.73.Final.jar;C:\Users\dunghv1\.m2\repository\io\netty\netty-resolver\4.1.73.Final\netty-resolver-4.1.73.Final.jar;C:\Users\dunghv1\.m2\repository\io\opentelemetry\opentelemetry-api\1.10.1\opentelemetry-api-1.10.1.jar;C:\Users\dunghv1\.m2\repository\io\opentelemetry\opentelemetry-context\1.10.1\opentelemetry-context-1.10.1.jar;C:\Users\dunghv1\.m2\repository\io\opentelemetry\opentelemetry-exporter-logging\1.10.1\opentelemetry-exporter-logging-1.10.1.jar;C:\Users\dunghv1\.m2\repository\io\opentelemetry\opentelemetry-sdk-metrics\1.10.1-alpha\opentelemetry-sdk-metrics-1.10.1-alpha.jar;C:\Users\dunghv1\.m2\repository\io\opentelemetry\opentelemetry-sdk-logs\1.10.1-alpha\opentelemetry-sdk-logs-1.10.1-alpha.jar;C:\Users\dunghv1\.m2\repository\io\opentelemetry\opentelemetry-sdk-common\1.10.1\opentelemetry-sdk-common-1.10.1.jar;C:\Users\dunghv1\.m2\repository\io\opentelemetry\opentelemetry-sdk-extension-autoconfigure-spi\1.10.1\opentelemetry-sdk-extension-autoconfigure-spi-1.10.1.jar;C:\Users\dunghv1\.m2\repository\io\opentelemetry\opentelemetry-sdk-extension-autoconfigure\1.10.1-alpha\opentelemetry-sdk-extension-autoconfigure-1.10.1-alpha.jar;C:\Users\dunghv1\.m2\repository\io\opentelemetry\opentelemetry-sdk-trace\1.10.1\opentelemetry-sdk-trace-1.10.1.jar;C:\Users\dunghv1\.m2\repository\io\opentelemetry\opentelemetry-sdk\1.10.1\opentelemetry-sdk-1.10.1.jar;C:\Users\dunghv1\.m2\repository\io\opentelemetry\opentelemetry-semconv\1.10.1-alpha\opentelemetry-semconv-1.10.1-alpha.jar;C:\Users\dunghv1\.m2\repository\io\ous\jtoml\2.0.0\jtoml-2.0.0.jar;C:\Users\dunghv1\.m2\repository\net\bytebuddy\byte-buddy\1.12.7\byte-buddy-1.12.7.jar;C:\Users\dunghv1\.m2\repository\org\apache\commons\commons-exec\1.3\commons-exec-1.3.jar;C:\Users\dunghv1\.m2\repository\org\asynchttpclient\async-http-client\2.12.3\async-http-client-2.12.3.jar;C:\Users\dunghv1\.m2\repository\org\asynchttpclient\async-http-client-netty-utils\2.12.3\async-http-client-netty-utils-2.12.3.jar;C:\Users\dunghv1\.m2\repository\io\netty\netty-codec-socks\4.1.60.Final\netty-codec-socks-4.1.60.Final.jar;C:\Users\dunghv1\.m2\repository\io\netty\netty-handler-proxy\4.1.60.Final\netty-handler-proxy-4.1.60.Final.jar;C:\Users\dunghv1\.m2\repository\io\netty\netty-transport-native-epoll\4.1.60.Final\netty-transport-native-epoll-4.1.60.Final-linux-x86_64.jar;C:\Users\dunghv1\.m2\repository\io\netty\netty-transport-native-kqueue\4.1.60.Final\netty-transport-native-kqueue-4.1.60.Final-osx-x86_64.jar;C:\Users\dunghv1\.m2\repository\org\reactivestreams\reactive-streams\1.0.3\reactive-streams-1.0.3.jar;C:\Users\dunghv1\.m2\repository\com\typesafe\netty\netty-reactive-streams\2.0.4\netty-reactive-streams-2.0.4.jar;C:\Users\dunghv1\.m2\repository\org\seleniumhq\selenium\selenium-http\4.1.2\selenium-http-4.1.2.jar;C:\Users\dunghv1\.m2\repository\net\jodah\failsafe\2.4.4\failsafe-2.4.4.jar;C:\Users\dunghv1\.m2\repository\org\seleniumhq\selenium\selenium-safari-driver\4.1.2\selenium-safari-driver-4.1.2.jar;C:\Users\dunghv1\.m2\repository\org\seleniumhq\selenium\selenium-support\4.1.2\selenium-support-4.1.2.jar;C:\Users\dunghv1\.m2\repository\org\slf4j\slf4j-simple\2.0.6\slf4j-simple-2.0.6.jar;C:\Users\dunghv1\.m2\repository\org\slf4j\slf4j-api\2.0.6\slf4j-api-2.0.6.jar;C:\Users\dunghv1\.m2\repository\net\serenity-bdd\serenity-core\3.2.0\serenity-core-3.2.0.jar;C:\Users\dunghv1\.m2\repository\net\serenity-bdd\serenity-model\3.2.0\serenity-model-3.2.0.jar;C:\Users\dunghv1\.m2\repository\org\apache\commons\commons-text\1.9\commons-text-1.9.jar;C:\Users\dunghv1\.m2\repository\commons-net\commons-net\3.6\commons-net-3.6.jar;C:\Users\dunghv1\.m2\repository\com\google\inject\guice\5.0.1\guice-5.0.1.jar;C:\Users\dunghv1\.m2\repository\javax\inject\javax.inject\1\javax.inject-1.jar;C:\Users\dunghv1\.m2\repository\aopalliance\aopalliance\1.0\aopalliance-1.0.jar;C:\Users\dunghv1\.m2\repository\com\thoughtworks\xstream\xstream\1.4.19\xstream-1.4.19.jar;C:\Users\dunghv1\.m2\repository\io\github\x-stream\mxparser\1.2.2\mxparser-1.2.2.jar;C:\Users\dunghv1\.m2\repository\xmlpull\xmlpull\1.1.3.1\xmlpull-1.1.3.1.jar;C:\Users\dunghv1\.m2\repository\io\cucumber\cucumber-java\7.2.3\cucumber-java-7.2.3.jar;C:\Users\dunghv1\.m2\repository\com\typesafe\config\1.3.1\config-1.3.1.jar;C:\Users\dunghv1\.m2\repository\org\imgscalr\imgscalr-lib\4.2\imgscalr-lib-4.2.jar;C:\Users\dunghv1\.m2\repository\org\awaitility\awaitility\4.1.0\awaitility-4.1.0.jar;C:\Users\dunghv1\.m2\repository\org\freemarker\freemarker\2.3.31\freemarker-2.3.31.jar;C:\Users\dunghv1\.m2\repository\io\github\classgraph\classgraph\4.8.138\classgraph-4.8.138.jar;C:\Users\dunghv1\.m2\repository\net\sourceforge\jexcelapi\jxl\2.6.12\jxl-2.6.12.jar;C:\Users\dunghv1\.m2\repository\net\bytebuddy\byte-buddy-agent\1.12.3\byte-buddy-agent-1.12.3.jar;C:\Users\dunghv1\.m2\repository\org\objenesis\objenesis\3.1\objenesis-3.1.jar;C:\Users\dunghv1\.m2\repository\net\serenity-bdd\serenity-reports\3.2.0\serenity-reports-3.2.0.jar;C:\Users\dunghv1\.m2\repository\com\vladsch\flexmark\flexmark-all\0.34.30\flexmark-all-0.34.30.jar;C:\Users\dunghv1\.m2\repository\com\vladsch\flexmark\flexmark\0.34.30\flexmark-0.34.30.jar;C:\Users\dunghv1\.m2\repository\com\vladsch\flexmark\flexmark-ext-abbreviation\0.34.30\flexmark-ext-abbreviation-0.34.30.jar;C:\Users\dunghv1\.m2\repository\com\vladsch\flexmark\flexmark-ext-admonition\0.34.30\flexmark-ext-admonition-0.34.30.jar;C:\Users\dunghv1\.m2\repository\com\vladsch\flexmark\flexmark-ext-anchorlink\0.34.30\flexmark-ext-anchorlink-0.34.30.jar;C:\Users\dunghv1\.m2\repository\com\vladsch\flexmark\flexmark-ext-aside\0.34.30\flexmark-ext-aside-0.34.30.jar;C:\Users\dunghv1\.m2\repository\com\vladsch\flexmark\flexmark-ext-attributes\0.34.30\flexmark-ext-attributes-0.34.30.jar;C:\Users\dunghv1\.m2\repository\com\vladsch\flexmark\flexmark-ext-autolink\0.34.30\flexmark-ext-autolink-0.34.30.jar;C:\Users\dunghv1\.m2\repository\org\nibor\autolink\autolink\0.6.0\autolink-0.6.0.jar;C:\Users\dunghv1\.m2\repository\com\vladsch\flexmark\flexmark-ext-definition\0.34.30\flexmark-ext-definition-0.34.30.jar;C:\Users\dunghv1\.m2\repository\com\vladsch\flexmark\flexmark-ext-emoji\0.34.30\flexmark-ext-emoji-0.34.30.jar;C:\Users\dunghv1\.m2\repository\com\vladsch\flexmark\flexmark-ext-enumerated-reference\0.34.30\flexmark-ext-enumerated-reference-0.34.30.jar;C:\Users\dunghv1\.m2\repository\com\vladsch\flexmark\flexmark-ext-escaped-character\0.34.30\flexmark-ext-escaped-character-0.34.30.jar;C:\Users\dunghv1\.m2\repository\com\vladsch\flexmark\flexmark-ext-footnotes\0.34.30\flexmark-ext-footnotes-0.34.30.jar;C:\Users\dunghv1\.m2\repository\com\vladsch\flexmark\flexmark-ext-gfm-issues\0.34.30\flexmark-ext-gfm-issues-0.34.30.jar;C:\Users\dunghv1\.m2\repository\com\vladsch\flexmark\flexmark-ext-gfm-strikethrough\0.34.30\flexmark-ext-gfm-strikethrough-0.34.30.jar;C:\Users\dunghv1\.m2\repository\com\vladsch\flexmark\flexmark-ext-gfm-tables\0.34.30\flexmark-ext-gfm-tables-0.34.30.jar;C:\Users\dunghv1\.m2\repository\com\vladsch\flexmark\flexmark-ext-gfm-tasklist\0.34.30\flexmark-ext-gfm-tasklist-0.34.30.jar;C:\Users\dunghv1\.m2\repository\com\vladsch\flexmark\flexmark-ext-gfm-users\0.34.30\flexmark-ext-gfm-users-0.34.30.jar;C:\Users\dunghv1\.m2\repository\com\vladsch\flexmark\flexmark-ext-gitlab\0.34.30\flexmark-ext-gitlab-0.34.30.jar;C:\Users\dunghv1\.m2\repository\com\vladsch\flexmark\flexmark-ext-jekyll-front-matter\0.34.30\flexmark-ext-jekyll-front-matter-0.34.30.jar;C:\Users\dunghv1\.m2\repository\com\vladsch\flexmark\flexmark-ext-jekyll-tag\0.34.30\flexmark-ext-jekyll-tag-0.34.30.jar;C:\Users\dunghv1\.m2\repository\com\vladsch\flexmark\flexmark-ext-media-tags\0.34.30\flexmark-ext-media-tags-0.34.30.jar;C:\Users\dunghv1\.m2\repository\com\vladsch\flexmark\flexmark-test-util\0.34.30\flexmark-test-util-0.34.30.jar;C:\Users\dunghv1\.m2\repository\com\vladsch\flexmark\flexmark-ext-ins\0.34.30\flexmark-ext-ins-0.34.30.jar;C:\Users\dunghv1\.m2\repository\com\vladsch\flexmark\flexmark-ext-xwiki-macros\0.34.30\flexmark-ext-xwiki-macros-0.34.30.jar;C:\Users\dunghv1\.m2\repository\com\vladsch\flexmark\flexmark-ext-superscript\0.34.30\flexmark-ext-superscript-0.34.30.jar;C:\Users\dunghv1\.m2\repository\com\vladsch\flexmark\flexmark-ext-tables\0.34.30\flexmark-ext-tables-0.34.30.jar;C:\Users\dunghv1\.m2\repository\com\vladsch\flexmark\flexmark-ext-toc\0.34.30\flexmark-ext-toc-0.34.30.jar;C:\Users\dunghv1\.m2\repository\com\vladsch\flexmark\flexmark-ext-typographic\0.34.30\flexmark-ext-typographic-0.34.30.jar;C:\Users\dunghv1\.m2\repository\com\vladsch\flexmark\flexmark-ext-wikilink\0.34.30\flexmark-ext-wikilink-0.34.30.jar;C:\Users\dunghv1\.m2\repository\com\vladsch\flexmark\flexmark-ext-yaml-front-matter\0.34.30\flexmark-ext-yaml-front-matter-0.34.30.jar;C:\Users\dunghv1\.m2\repository\com\vladsch\flexmark\flexmark-ext-youtube-embedded\0.34.30\flexmark-ext-youtube-embedded-0.34.30.jar;C:\Users\dunghv1\.m2\repository\com\vladsch\flexmark\flexmark-formatter\0.34.30\flexmark-formatter-0.34.30.jar;C:\Users\dunghv1\.m2\repository\com\vladsch\flexmark\flexmark-html-parser\0.34.30\flexmark-html-parser-0.34.30.jar;C:\Users\dunghv1\.m2\repository\com\vladsch\flexmark\flexmark-jira-converter\0.34.30\flexmark-jira-converter-0.34.30.jar;C:\Users\dunghv1\.m2\repository\com\vladsch\flexmark\flexmark-pdf-converter\0.34.30\flexmark-pdf-converter-0.34.30.jar;C:\Users\dunghv1\.m2\repository\com\openhtmltopdf\openhtmltopdf-core\0.0.1-RC13\openhtmltopdf-core-0.0.1-RC13.jar;C:\Users\dunghv1\.m2\repository\com\openhtmltopdf\openhtmltopdf-pdfbox\0.0.1-RC13\openhtmltopdf-pdfbox-0.0.1-RC13.jar;C:\Users\dunghv1\.m2\repository\org\apache\pdfbox\pdfbox\2.0.8\pdfbox-2.0.8.jar;C:\Users\dunghv1\.m2\repository\org\apache\pdfbox\fontbox\2.0.8\fontbox-2.0.8.jar;C:\Users\dunghv1\.m2\repository\org\apache\pdfbox\xmpbox\2.0.8\xmpbox-2.0.8.jar;C:\Users\dunghv1\.m2\repository\de\rototor\pdfbox\graphics2d\0.12\graphics2d-0.12.jar;C:\Users\dunghv1\.m2\repository\com\openhtmltopdf\openhtmltopdf-rtl-support\0.0.1-RC13\openhtmltopdf-rtl-support-0.0.1-RC13.jar;C:\Users\dunghv1\.m2\repository\com\ibm\icu\icu4j\59.1\icu4j-59.1.jar;C:\Users\dunghv1\.m2\repository\com\openhtmltopdf\openhtmltopdf-jsoup-dom-converter\0.0.1-RC13\openhtmltopdf-jsoup-dom-converter-0.0.1-RC13.jar;C:\Users\dunghv1\.m2\repository\com\vladsch\flexmark\flexmark-profile-pegdown\0.34.30\flexmark-profile-pegdown-0.34.30.jar;C:\Users\dunghv1\.m2\repository\com\vladsch\flexmark\flexmark-util\0.34.30\flexmark-util-0.34.30.jar;C:\Users\dunghv1\.m2\repository\com\vladsch\flexmark\flexmark-youtrack-converter\0.34.30\flexmark-youtrack-converter-0.34.30.jar;C:\Users\dunghv1\.m2\repository\es\nitaur\markdown\txtmark\0.16\txtmark-0.16.jar;C:\Users\dunghv1\.m2\repository\net\serenity-bdd\serenity-report-resources\3.2.0\serenity-report-resources-3.2.0.jar;C:\Users\dunghv1\.m2\repository\com\google\code\gson\gson\2.8.9\gson-2.8.9.jar;C:\Users\dunghv1\.m2\repository\com\fasterxml\jackson\core\jackson-core\2.12.4\jackson-core-2.12.4.jar;C:\Users\dunghv1\.m2\repository\com\fasterxml\jackson\core\jackson-databind\2.12.4\jackson-databind-2.12.4.jar;C:\Users\dunghv1\.m2\repository\com\fasterxml\jackson\core\jackson-annotations\2.12.4\jackson-annotations-2.12.4.jar;C:\Users\dunghv1\.m2\repository\commons-codec\commons-codec\1.15\commons-codec-1.15.jar;C:\Users\dunghv1\.m2\repository\commons-io\commons-io\2.8.0\commons-io-2.8.0.jar;C:\Users\dunghv1\.m2\repository\org\projectlombok\lombok\1.18.20\lombok-1.18.20.jar;C:\Users\dunghv1\.m2\repository\io\appium\java-client\8.0.0-beta2\java-client-8.0.0-beta2.jar;C:\Users\dunghv1\.m2\repository\commons-validator\commons-validator\1.7\commons-validator-1.7.jar;C:\Users\dunghv1\.m2\repository\commons-digester\commons-digester\2.1\commons-digester-2.1.jar;C:\Users\dunghv1\.m2\repository\org\aspectj\aspectjweaver\1.9.7\aspectjweaver-1.9.7.jar;C:\Users\dunghv1\.m2\repository\org\codehaus\groovy\groovy\3.0.9\groovy-3.0.9.jar;C:\Users\dunghv1\.m2\repository\net\sf\opencsv\opencsv\2.0\opencsv-2.0.jar;C:\Users\dunghv1\.m2\repository\commons-beanutils\commons-beanutils\1.9.4\commons-beanutils-1.9.4.jar;C:\Users\dunghv1\.m2\repository\org\apache\commons\commons-lang3\3.11\commons-lang3-3.11.jar;C:\Users\dunghv1\.m2\repository\org\fluentlenium\fluentlenium-core\0.10.2\fluentlenium-core-0.10.2.jar;C:\Users\dunghv1\.m2\repository\io\github\bonigarcia\webdrivermanager\5.0.3\webdrivermanager-5.0.3.jar;C:\Users\dunghv1\.m2\repository\com\github\docker-java\docker-java\3.2.12\docker-java-3.2.12.jar;C:\Users\dunghv1\.m2\repository\com\github\docker-java\docker-java-core\3.2.12\docker-java-core-3.2.12.jar;C:\Users\dunghv1\.m2\repository\com\github\docker-java\docker-java-api\3.2.12\docker-java-api-3.2.12.jar;C:\Users\dunghv1\.m2\repository\commons-lang\commons-lang\2.6\commons-lang-2.6.jar;C:\Users\dunghv1\.m2\repository\org\bouncycastle\bcpkix-jdk15on\1.64\bcpkix-jdk15on-1.64.jar;C:\Users\dunghv1\.m2\repository\org\bouncycastle\bcprov-jdk15on\1.64\bcprov-jdk15on-1.64.jar;C:\Users\dunghv1\.m2\repository\org\slf4j\jcl-over-slf4j\1.7.30\jcl-over-slf4j-1.7.30.jar;C:\Users\dunghv1\.m2\repository\com\github\docker-java\docker-java-transport-httpclient5\3.2.12\docker-java-transport-httpclient5-3.2.12.jar;C:\Users\dunghv1\.m2\repository\com\github\docker-java\docker-java-transport\3.2.12\docker-java-transport-3.2.12.jar;C:\Users\dunghv1\.m2\repository\org\apache\httpcomponents\client5\httpclient5\5.0.3\httpclient5-5.0.3.jar;C:\Users\dunghv1\.m2\repository\org\apache\httpcomponents\core5\httpcore5\5.0.2\httpcore5-5.0.2.jar;C:\Users\dunghv1\.m2\repository\net\java\dev\jna\jna\5.8.0\jna-5.8.0.jar;C:\Users\dunghv1\.m2\repository\org\brotli\dec\0.1.2\dec-0.1.2.jar;C:\Users\dunghv1\.m2\repository\com\jhlabs\filters\2.0.235\filters-2.0.235.jar;C:\Users\dunghv1\.m2\repository\com\paulhammant\ngwebdriver\1.1.5\ngwebdriver-1.1.5.jar;C:\Users\dunghv1\.m2\repository\joda-time\joda-time\2.8.2\joda-time-2.8.2.jar;C:\Users\dunghv1\.m2\repository\org\hamcrest\hamcrest\2.2\hamcrest-2.2.jar;C:\Users\dunghv1\.m2\repository\com\google\jimfs\jimfs\1.1\jimfs-1.1.jar;C:\Users\dunghv1\.m2\repository\org\mockito\mockito-core\3.3.3\mockito-core-3.3.3.jar;C:\Users\dunghv1\.m2\repository\javax\xml\bind\jaxb-api\2.3.1\jaxb-api-2.3.1.jar;C:\Users\dunghv1\.m2\repository\javax\activation\javax.activation-api\1.2.0\javax.activation-api-1.2.0.jar;C:\Users\dunghv1\.m2\repository\com\sun\xml\bind\jaxb-core\2.3.0.1\jaxb-core-2.3.0.1.jar;C:\Users\dunghv1\.m2\repository\com\sun\xml\bind\jaxb-impl\2.3.3\jaxb-impl-2.3.3.jar;C:\Users\dunghv1\.m2\repository\jakarta\xml\bind\jakarta.xml.bind-api\2.3.3\jakarta.xml.bind-api-2.3.3.jar;C:\Users\dunghv1\.m2\repository\com\sun\activation\jakarta.activation\1.2.2\jakarta.activation-1.2.2.jar;C:\Users\dunghv1\.m2\repository\javax\activation\activation\1.1.1\activation-1.1.1.jar;C:\Users\dunghv1\.m2\repository\net\serenity-bdd\serenity-cucumber\3.2.0\serenity-cucumber-3.2.0.jar;C:\Users\dunghv1\.m2\repository\net\serenity-bdd\serenity-screenplay-webdriver\3.2.0\serenity-screenplay-webdriver-3.2.0.jar;C:\Users\dunghv1\.m2\repository\io\cucumber\cucumber-core\7.2.3\cucumber-core-7.2.3.jar;C:\Users\dunghv1\.m2\repository\io\cucumber\cucumber-gherkin\7.2.3\cucumber-gherkin-7.2.3.jar;C:\Users\dunghv1\.m2\repository\io\cucumber\cucumber-gherkin-messages\7.2.3\cucumber-gherkin-messages-7.2.3.jar;C:\Users\dunghv1\.m2\repository\io\cucumber\messages\17.1.1\messages-17.1.1.jar;C:\Users\dunghv1\.m2\repository\io\cucumber\tag-expressions\4.1.0\tag-expressions-4.1.0.jar;C:\Users\dunghv1\.m2\repository\io\cucumber\cucumber-expressions\15.0.1\cucumber-expressions-15.0.1.jar;C:\Users\dunghv1\.m2\repository\io\cucumber\datatable\7.2.3\datatable-7.2.3.jar;C:\Users\dunghv1\.m2\repository\io\cucumber\cucumber-plugin\7.2.3\cucumber-plugin-7.2.3.jar;C:\Users\dunghv1\.m2\repository\io\cucumber\docstring\7.2.3\docstring-7.2.3.jar;C:\Users\dunghv1\.m2\repository\io\cucumber\html-formatter\17.0.0\html-formatter-17.0.0.jar;C:\Users\dunghv1\.m2\repository\io\cucumber\ci-environment\8.1.0\ci-environment-8.1.0.jar;C:\Users\dunghv1\.m2\repository\io\cucumber\cucumber-junit\7.2.3\cucumber-junit-7.2.3.jar;C:\Users\dunghv1\.m2\repository\org\apiguardian\apiguardian-api\1.1.2\apiguardian-api-1.1.2.jar;C:\Users\dunghv1\.m2\repository\org\apache\commons\commons-csv\1.5\commons-csv-1.5.jar;C:\Users\dunghv1\.m2\repository\net\serenity-bdd\serenity-rest-assured\3.2.0\serenity-rest-assured-3.2.0.jar;C:\Users\dunghv1\.m2\repository\org\apache\httpcomponents\httpclient\4.5.13\httpclient-4.5.13.jar;C:\Users\dunghv1\.m2\repository\org\apache\httpcomponents\httpcore\4.4.13\httpcore-4.4.13.jar;C:\Users\dunghv1\.m2\repository\commons-logging\commons-logging\1.2\commons-logging-1.2.jar;C:\Users\dunghv1\.m2\repository\io\rest-assured\rest-assured\4.4.0\rest-assured-4.4.0.jar;C:\Users\dunghv1\.m2\repository\org\apache\httpcomponents\httpmime\4.5.13\httpmime-4.5.13.jar;C:\Users\dunghv1\.m2\repository\org\ccil\cowan\tagsoup\tagsoup\1.2.1\tagsoup-1.2.1.jar;C:\Users\dunghv1\.m2\repository\io\rest-assured\json-path\4.4.0\json-path-4.4.0.jar;C:\Users\dunghv1\.m2\repository\io\rest-assured\rest-assured-common\4.4.0\rest-assured-common-4.4.0.jar;C:\Users\dunghv1\.m2\repository\io\rest-assured\xml-path\4.4.0\xml-path-4.4.0.jar;C:\Users\dunghv1\.m2\repository\org\codehaus\groovy\groovy-json\3.0.9\groovy-json-3.0.9.jar;C:\Users\dunghv1\.m2\repository\org\codehaus\groovy\groovy-xml\3.0.9\groovy-xml-3.0.9.jar;C:\Users\dunghv1\.m2\repository\org\opentest4j\opentest4j\1.2.0\opentest4j-1.2.0.jar;C:\Users\dunghv1\.m2\repository\net\serenity-bdd\serenity-screenplay\3.2.0\serenity-screenplay-3.2.0.jar;C:\Users\dunghv1\.m2\repository\net\serenity-bdd\serenity-screenplay-rest\3.2.0\serenity-screenplay-rest-3.2.0.jar;C:\Users\dunghv1\.m2\repository\net\serenity-bdd\serenity-ensure\3.2.0\serenity-ensure-3.2.0.jar;C:\Users\dunghv1\.m2\repository\net\serenity-bdd\serenity-junit\3.2.0\serenity-junit-3.2.0.jar;C:\Users\dunghv1\.m2\repository\junit\junit\4.13.2\junit-4.13.2.jar;C:\Users\dunghv1\.m2\repository\org\jetbrains\kotlin\kotlin-stdlib\1.6.0\kotlin-stdlib-1.6.0.jar;C:\Users\dunghv1\.m2\repository\org\jetbrains\annotations\13.0\annotations-13.0.jar;C:\Users\dunghv1\.m2\repository\org\jetbrains\kotlin\kotlin-stdlib-common\1.6.0\kotlin-stdlib-common-1.6.0.jar;C:\Users\dunghv1\.m2\repository\org\assertj\assertj-core\3.6.2\assertj-core-3.6.2.jar;C:\Users\dunghv1\.m2\repository\org\apache\poi\poi\4.1.1\poi-4.1.1.jar;C:\Users\dunghv1\.m2\repository\org\apache\commons\commons-collections4\4.4\commons-collections4-4.4.jar;C:\Users\dunghv1\.m2\repository\org\apache\commons\commons-math3\3.6.1\commons-math3-3.6.1.jar;C:\Users\dunghv1\.m2\repository\org\apache\poi\poi-ooxml\4.1.1\poi-ooxml-4.1.1.jar;C:\Users\dunghv1\.m2\repository\org\apache\commons\commons-compress\1.19\commons-compress-1.19.jar;C:\Users\dunghv1\.m2\repository\com\github\virtuald\curvesapi\1.06\curvesapi-1.06.jar;C:\Users\dunghv1\.m2\repository\org\apache\poi\poi-ooxml-schemas\4.1.1\poi-ooxml-schemas-4.1.1.jar;C:\Users\dunghv1\.m2\repository\org\apache\xmlbeans\xmlbeans\3.1.0\xmlbeans-3.1.0.jar;C:\Users\dunghv1\.m2\repository\com\googlecode\json-simple\json-simple\1.1\json-simple-1.1.jar;C:\Users\dunghv1\.m2\repository\org\json\json\20220924\json-20220924.jar;C:\Users\dunghv1\.m2\repository\com\jcraft\jsch\0.1.55\jsch-0.1.55.jar;C:\Users\dunghv1\.m2\repository\net\serenity-bdd\serenity-shutterbug1x\3.1.15\serenity-shutterbug1x-3.1.15.jar;C:\Users\dunghv1\.m2\repository\com\assertthat\selenium-shutterbug\1.5\selenium-shutterbug-1.5.jar;C:\Users\dunghv1\.m2\repository\com\github\zafarkhaja\java-semver\0.9.0\java-semver-0.9.0.jar;C:\Users\dunghv1\.m2\repository\com\jayway\jsonpath\json-path\2.7.0\json-path-2.7.0.jar;C:\Users\dunghv1\.m2\repository\net\minidev\json-smart\2.4.7\json-smart-2.4.7.jar;C:\Users\dunghv1\.m2\repository\net\minidev\accessors-smart\2.4.7\accessors-smart-2.4.7.jar;C:\Users\dunghv1\.m2\repository\org\ow2\asm\asm\9.1\asm-9.1.jar;C:\Users\dunghv1\.m2\repository\net\serenity-bdd\serenity-single-page-report\3.2.0\serenity-single-page-report-3.2.0.jar;C:\Users\dunghv1\.m2\repository\net\serenity-bdd\serenity-stats\3.2.0\serenity-stats-3.2.0.jar;C:\Users\dunghv1\.m2\repository\net\serenity-bdd\serenity-reports-configuration\3.2.0\serenity-reports-configuration-3.2.0.jar;C:\Users\dunghv1\.m2\repository\org\thymeleaf\thymeleaf\3.0.14.RELEASE\thymeleaf-3.0.14.RELEASE.jar;C:\Users\dunghv1\.m2\repository\ognl\ognl\3.1.26\ognl-3.1.26.jar;C:\Users\dunghv1\.m2\repository\org\attoparser\attoparser\2.0.5.RELEASE\attoparser-2.0.5.RELEASE.jar;C:\Users\dunghv1\.m2\repository\org\unbescape\unbescape\1.1.6.RELEASE\unbescape-1.1.6.RELEASE.jar;C:\Users\dunghv1\.m2\repository\org\javassist\javassist\3.28.0-GA\javassist-3.28.0-GA.jar;C:\Users\dunghv1\.m2\repository\org\knowm\xchart\xchart\3.5.2\xchart-3.5.2.jar;C:\Users\dunghv1\.m2\repository\de\erichseifert\vectorgraphics2d\VectorGraphics2D\0.13\VectorGraphics2D-0.13.jar;C:\Users\dunghv1\.m2\repository\org\thymeleaf\extras\thymeleaf-extras-java8time\3.0.4.RELEASE\thymeleaf-extras-java8time-3.0.4.RELEASE.jar;C:\Users\dunghv1\.m2\repository\net\serenity-bdd\serenity-navigator-report\3.1.10\serenity-navigator-report-3.1.10.jar;C:\Users\dunghv1\.m2\repository\org\jetbrains\kotlin\kotlin-stdlib-jdk8\1.6.0\kotlin-stdlib-jdk8-1.6.0.jar;C:\Users\dunghv1\.m2\repository\org\jetbrains\kotlin\kotlin-stdlib-jdk7\1.6.0\kotlin-stdlib-jdk7-1.6.0.jar;C:\Users\dunghv1\.m2\repository\org\jsoup\jsoup\1.14.3\jsoup-1.14.3.jar;C:\Users\dunghv1\.m2\repository\commons-collections\commons-collections\3.2.2\commons-collections-3.2.2.jar;C:\Users\dunghv1\.m2\repository\org\apache\maven\plugins\maven-failsafe-plugin\3.0.0-M9\maven-failsafe-plugin-3.0.0-M9.jar;C:\Users\dunghv1\.m2\repository\org\apache\maven\surefire\maven-surefire-common\3.0.0-M9\maven-surefire-common-3.0.0-M9.jar;C:\Users\dunghv1\.m2\repository\org\apache\maven\surefire\surefire-api\3.0.0-M9\surefire-api-3.0.0-M9.jar;C:\Users\dunghv1\.m2\repository\org\apache\maven\surefire\surefire-logger-api\3.0.0-M9\surefire-logger-api-3.0.0-M9.jar;C:\Users\dunghv1\.m2\repository\org\apache\maven\surefire\surefire-extensions-api\3.0.0-M9\surefire-extensions-api-3.0.0-M9.jar;C:\Users\dunghv1\.m2\repository\org\apache\maven\surefire\surefire-booter\3.0.0-M9\surefire-booter-3.0.0-M9.jar;C:\Users\dunghv1\.m2\repository\org\apache\maven\surefire\surefire-extensions-spi\3.0.0-M9\surefire-extensions-spi-3.0.0-M9.jar;C:\Users\dunghv1\.m2\repository\org\apache\maven\shared\maven-common-artifact-filters\3.1.1\maven-common-artifact-filters-3.1.1.jar;C:\Users\dunghv1\.m2\repository\org\apache\maven\maven-artifact\3.1.0\maven-artifact-3.1.0.jar;C:\Users\dunghv1\.m2\repository\org\codehaus\plexus\plexus-utils\3.0.10\plexus-utils-3.0.10.jar;C:\Users\dunghv1\.m2\repository\org\apache\maven\maven-core\3.1.0\maven-core-3.1.0.jar;C:\Users\dunghv1\.m2\repository\org\apache\maven\maven-settings\3.1.0\maven-settings-3.1.0.jar;C:\Users\dunghv1\.m2\repository\org\apache\maven\maven-settings-builder\3.1.0\maven-settings-builder-3.1.0.jar;C:\Users\dunghv1\.m2\repository\org\apache\maven\maven-repository-metadata\3.1.0\maven-repository-metadata-3.1.0.jar;C:\Users\dunghv1\.m2\repository\org\apache\maven\maven-model-builder\3.1.0\maven-model-builder-3.1.0.jar;C:\Users\dunghv1\.m2\repository\org\apache\maven\maven-aether-provider\3.1.0\maven-aether-provider-3.1.0.jar;C:\Users\dunghv1\.m2\repository\org\eclipse\aether\aether-spi\0.9.0.M2\aether-spi-0.9.0.M2.jar;C:\Users\dunghv1\.m2\repository\org\eclipse\aether\aether-impl\0.9.0.M2\aether-impl-0.9.0.M2.jar;C:\Users\dunghv1\.m2\repository\org\eclipse\aether\aether-api\0.9.0.M2\aether-api-0.9.0.M2.jar;C:\Users\dunghv1\.m2\repository\org\eclipse\aether\aether-util\0.9.0.M2\aether-util-0.9.0.M2.jar;C:\Users\dunghv1\.m2\repository\org\eclipse\sisu\org.eclipse.sisu.plexus\0.0.0.M2a\org.eclipse.sisu.plexus-0.0.0.M2a.jar;C:\Users\dunghv1\.m2\repository\javax\enterprise\cdi-api\1.0\cdi-api-1.0.jar;C:\Users\dunghv1\.m2\repository\javax\annotation\jsr250-api\1.0\jsr250-api-1.0.jar;C:\Users\dunghv1\.m2\repository\org\sonatype\sisu\sisu-guice\3.1.0\sisu-guice-3.1.0-no_aop.jar;C:\Users\dunghv1\.m2\repository\org\eclipse\sisu\org.eclipse.sisu.inject\0.0.0.M2a\org.eclipse.sisu.inject-0.0.0.M2a.jar;C:\Users\dunghv1\.m2\repository\asm\asm\3.3.1\asm-3.3.1.jar;C:\Users\dunghv1\.m2\repository\org\codehaus\plexus\plexus-interpolation\1.16\plexus-interpolation-1.16.jar;C:\Users\dunghv1\.m2\repository\org\codehaus\plexus\plexus-classworlds\2.4.2\plexus-classworlds-2.4.2.jar;C:\Users\dunghv1\.m2\repository\org\codehaus\plexus\plexus-component-annotations\1.5.5\plexus-component-annotations-1.5.5.jar;C:\Users\dunghv1\.m2\repository\org\sonatype\plexus\plexus-sec-dispatcher\1.3\plexus-sec-dispatcher-1.3.jar;C:\Users\dunghv1\.m2\repository\org\sonatype\plexus\plexus-cipher\1.4\plexus-cipher-1.4.jar;C:\Users\dunghv1\.m2\repository\org\apache\maven\maven-plugin-api\3.1.0\maven-plugin-api-3.1.0.jar;C:\Users\dunghv1\.m2\repository\org\codehaus\plexus\plexus-java\1.1.2\plexus-java-1.1.2.jar;C:\Users\dunghv1\.m2\repository\com\thoughtworks\qdox\qdox\2.0.3\qdox-2.0.3.jar;C:\Users\dunghv1\.m2\repository\org\apache\maven\surefire\surefire-shared-utils\3.0.0-M9\surefire-shared-utils-3.0.0-M9.jar;"/>
    <property name="java.vm.vendor" value="Oracle Corporation"/>
    <property name="sun.arch.data.model" value="64"/>
    <property name="user.variant" value=""/>
    <property name="java.vendor.url" value="http://java.oracle.com/"/>
    <property name="user.timezone" value="Asia/Bangkok"/>
    <property name="java.vm.specification.version" value="1.8"/>
    <property name="os.name" value="Windows 10"/>
    <property name="user.country" value="US"/>
    <property name="sun.java.launcher" value="SUN_STANDARD"/>
    <property name="sun.boot.library.path" value="C:\Program Files\Java\jdk1.8.0_202\jre\bin"/>
    <property name="sun.java.command" value="C:\Users\dunghv1\AppData\Local\Temp\surefire3145219516058919420\surefirebooter-20231120180737612_3.jar C:\Users\dunghv1\AppData\Local\Temp\surefire3145219516058919420 2023-11-20T18-07-37_243-jvmRun1 surefire-20231120180737612_1tmp surefire_0-20231120180737612_2tmp"/>
    <property name="surefire.test.class.path" value="D:\Automation-Api\GSM_API\target\test-classes;D:\Automation-Api\GSM_API\target\project-base-api-1.0-SNAPSHOT.jar;C:\Users\dunghv1\.m2\repository\org\seleniumhq\selenium\selenium-java\4.1.2\selenium-java-4.1.2.jar;C:\Users\dunghv1\.m2\repository\org\seleniumhq\selenium\selenium-api\4.1.2\selenium-api-4.1.2.jar;C:\Users\dunghv1\.m2\repository\org\seleniumhq\selenium\selenium-chrome-driver\4.1.2\selenium-chrome-driver-4.1.2.jar;C:\Users\dunghv1\.m2\repository\com\google\auto\service\auto-service-annotations\1.0.1\auto-service-annotations-1.0.1.jar;C:\Users\dunghv1\.m2\repository\com\google\auto\service\auto-service\1.0.1\auto-service-1.0.1.jar;C:\Users\dunghv1\.m2\repository\com\google\auto\auto-common\1.2\auto-common-1.2.jar;C:\Users\dunghv1\.m2\repository\com\google\guava\guava\31.0.1-jre\guava-31.0.1-jre.jar;C:\Users\dunghv1\.m2\repository\com\google\guava\failureaccess\1.0.1\failureaccess-1.0.1.jar;C:\Users\dunghv1\.m2\repository\com\google\guava\listenablefuture\9999.0-empty-to-avoid-conflict-with-guava\listenablefuture-9999.0-empty-to-avoid-conflict-with-guava.jar;C:\Users\dunghv1\.m2\repository\com\google\code\findbugs\jsr305\3.0.2\jsr305-3.0.2.jar;C:\Users\dunghv1\.m2\repository\org\checkerframework\checker-qual\3.12.0\checker-qual-3.12.0.jar;C:\Users\dunghv1\.m2\repository\com\google\errorprone\error_prone_annotations\2.7.1\error_prone_annotations-2.7.1.jar;C:\Users\dunghv1\.m2\repository\com\google\j2objc\j2objc-annotations\1.3\j2objc-annotations-1.3.jar;C:\Users\dunghv1\.m2\repository\org\seleniumhq\selenium\selenium-chromium-driver\4.1.2\selenium-chromium-driver-4.1.2.jar;C:\Users\dunghv1\.m2\repository\org\seleniumhq\selenium\selenium-json\4.1.2\selenium-json-4.1.2.jar;C:\Users\dunghv1\.m2\repository\org\seleniumhq\selenium\selenium-devtools-v85\4.1.2\selenium-devtools-v85-4.1.2.jar;C:\Users\dunghv1\.m2\repository\org\seleniumhq\selenium\selenium-devtools-v95\4.1.2\selenium-devtools-v95-4.1.2.jar;C:\Users\dunghv1\.m2\repository\org\seleniumhq\selenium\selenium-devtools-v96\4.1.2\selenium-devtools-v96-4.1.2.jar;C:\Users\dunghv1\.m2\repository\org\seleniumhq\selenium\selenium-devtools-v97\4.1.2\selenium-devtools-v97-4.1.2.jar;C:\Users\dunghv1\.m2\repository\org\seleniumhq\selenium\selenium-edge-driver\4.1.2\selenium-edge-driver-4.1.2.jar;C:\Users\dunghv1\.m2\repository\org\seleniumhq\selenium\selenium-firefox-driver\4.1.2\selenium-firefox-driver-4.1.2.jar;C:\Users\dunghv1\.m2\repository\org\seleniumhq\selenium\selenium-firefox-xpi-driver\4.1.2\selenium-firefox-xpi-driver-4.1.2.jar;C:\Users\dunghv1\.m2\repository\org\seleniumhq\selenium\selenium-ie-driver\4.1.2\selenium-ie-driver-4.1.2.jar;C:\Users\dunghv1\.m2\repository\org\seleniumhq\selenium\selenium-opera-driver\4.1.2\selenium-opera-driver-4.1.2.jar;C:\Users\dunghv1\.m2\repository\org\seleniumhq\selenium\selenium-remote-driver\4.1.2\selenium-remote-driver-4.1.2.jar;C:\Users\dunghv1\.m2\repository\com\beust\jcommander\1.82\jcommander-1.82.jar;C:\Users\dunghv1\.m2\repository\io\netty\netty-buffer\4.1.73.Final\netty-buffer-4.1.73.Final.jar;C:\Users\dunghv1\.m2\repository\io\netty\netty-codec-http\4.1.73.Final\netty-codec-http-4.1.73.Final.jar;C:\Users\dunghv1\.m2\repository\io\netty\netty-codec\4.1.73.Final\netty-codec-4.1.73.Final.jar;C:\Users\dunghv1\.m2\repository\io\netty\netty-handler\4.1.73.Final\netty-handler-4.1.73.Final.jar;C:\Users\dunghv1\.m2\repository\io\netty\netty-tcnative-classes\2.0.46.Final\netty-tcnative-classes-2.0.46.Final.jar;C:\Users\dunghv1\.m2\repository\io\netty\netty-common\4.1.73.Final\netty-common-4.1.73.Final.jar;C:\Users\dunghv1\.m2\repository\io\netty\netty-transport-classes-epoll\4.1.73.Final\netty-transport-classes-epoll-4.1.73.Final.jar;C:\Users\dunghv1\.m2\repository\io\netty\netty-transport-classes-kqueue\4.1.73.Final\netty-transport-classes-kqueue-4.1.73.Final.jar;C:\Users\dunghv1\.m2\repository\io\netty\netty-transport-native-epoll\4.1.73.Final\netty-transport-native-epoll-4.1.73.Final.jar;C:\Users\dunghv1\.m2\repository\io\netty\netty-transport-native-kqueue\4.1.73.Final\netty-transport-native-kqueue-4.1.73.Final.jar;C:\Users\dunghv1\.m2\repository\io\netty\netty-transport-native-unix-common\4.1.73.Final\netty-transport-native-unix-common-4.1.73.Final.jar;C:\Users\dunghv1\.m2\repository\io\netty\netty-transport\4.1.73.Final\netty-transport-4.1.73.Final.jar;C:\Users\dunghv1\.m2\repository\io\netty\netty-resolver\4.1.73.Final\netty-resolver-4.1.73.Final.jar;C:\Users\dunghv1\.m2\repository\io\opentelemetry\opentelemetry-api\1.10.1\opentelemetry-api-1.10.1.jar;C:\Users\dunghv1\.m2\repository\io\opentelemetry\opentelemetry-context\1.10.1\opentelemetry-context-1.10.1.jar;C:\Users\dunghv1\.m2\repository\io\opentelemetry\opentelemetry-exporter-logging\1.10.1\opentelemetry-exporter-logging-1.10.1.jar;C:\Users\dunghv1\.m2\repository\io\opentelemetry\opentelemetry-sdk-metrics\1.10.1-alpha\opentelemetry-sdk-metrics-1.10.1-alpha.jar;C:\Users\dunghv1\.m2\repository\io\opentelemetry\opentelemetry-sdk-logs\1.10.1-alpha\opentelemetry-sdk-logs-1.10.1-alpha.jar;C:\Users\dunghv1\.m2\repository\io\opentelemetry\opentelemetry-sdk-common\1.10.1\opentelemetry-sdk-common-1.10.1.jar;C:\Users\dunghv1\.m2\repository\io\opentelemetry\opentelemetry-sdk-extension-autoconfigure-spi\1.10.1\opentelemetry-sdk-extension-autoconfigure-spi-1.10.1.jar;C:\Users\dunghv1\.m2\repository\io\opentelemetry\opentelemetry-sdk-extension-autoconfigure\1.10.1-alpha\opentelemetry-sdk-extension-autoconfigure-1.10.1-alpha.jar;C:\Users\dunghv1\.m2\repository\io\opentelemetry\opentelemetry-sdk-trace\1.10.1\opentelemetry-sdk-trace-1.10.1.jar;C:\Users\dunghv1\.m2\repository\io\opentelemetry\opentelemetry-sdk\1.10.1\opentelemetry-sdk-1.10.1.jar;C:\Users\dunghv1\.m2\repository\io\opentelemetry\opentelemetry-semconv\1.10.1-alpha\opentelemetry-semconv-1.10.1-alpha.jar;C:\Users\dunghv1\.m2\repository\io\ous\jtoml\2.0.0\jtoml-2.0.0.jar;C:\Users\dunghv1\.m2\repository\net\bytebuddy\byte-buddy\1.12.7\byte-buddy-1.12.7.jar;C:\Users\dunghv1\.m2\repository\org\apache\commons\commons-exec\1.3\commons-exec-1.3.jar;C:\Users\dunghv1\.m2\repository\org\asynchttpclient\async-http-client\2.12.3\async-http-client-2.12.3.jar;C:\Users\dunghv1\.m2\repository\org\asynchttpclient\async-http-client-netty-utils\2.12.3\async-http-client-netty-utils-2.12.3.jar;C:\Users\dunghv1\.m2\repository\io\netty\netty-codec-socks\4.1.60.Final\netty-codec-socks-4.1.60.Final.jar;C:\Users\dunghv1\.m2\repository\io\netty\netty-handler-proxy\4.1.60.Final\netty-handler-proxy-4.1.60.Final.jar;C:\Users\dunghv1\.m2\repository\io\netty\netty-transport-native-epoll\4.1.60.Final\netty-transport-native-epoll-4.1.60.Final-linux-x86_64.jar;C:\Users\dunghv1\.m2\repository\io\netty\netty-transport-native-kqueue\4.1.60.Final\netty-transport-native-kqueue-4.1.60.Final-osx-x86_64.jar;C:\Users\dunghv1\.m2\repository\org\reactivestreams\reactive-streams\1.0.3\reactive-streams-1.0.3.jar;C:\Users\dunghv1\.m2\repository\com\typesafe\netty\netty-reactive-streams\2.0.4\netty-reactive-streams-2.0.4.jar;C:\Users\dunghv1\.m2\repository\org\seleniumhq\selenium\selenium-http\4.1.2\selenium-http-4.1.2.jar;C:\Users\dunghv1\.m2\repository\net\jodah\failsafe\2.4.4\failsafe-2.4.4.jar;C:\Users\dunghv1\.m2\repository\org\seleniumhq\selenium\selenium-safari-driver\4.1.2\selenium-safari-driver-4.1.2.jar;C:\Users\dunghv1\.m2\repository\org\seleniumhq\selenium\selenium-support\4.1.2\selenium-support-4.1.2.jar;C:\Users\dunghv1\.m2\repository\org\slf4j\slf4j-simple\2.0.6\slf4j-simple-2.0.6.jar;C:\Users\dunghv1\.m2\repository\org\slf4j\slf4j-api\2.0.6\slf4j-api-2.0.6.jar;C:\Users\dunghv1\.m2\repository\net\serenity-bdd\serenity-core\3.2.0\serenity-core-3.2.0.jar;C:\Users\dunghv1\.m2\repository\net\serenity-bdd\serenity-model\3.2.0\serenity-model-3.2.0.jar;C:\Users\dunghv1\.m2\repository\org\apache\commons\commons-text\1.9\commons-text-1.9.jar;C:\Users\dunghv1\.m2\repository\commons-net\commons-net\3.6\commons-net-3.6.jar;C:\Users\dunghv1\.m2\repository\com\google\inject\guice\5.0.1\guice-5.0.1.jar;C:\Users\dunghv1\.m2\repository\javax\inject\javax.inject\1\javax.inject-1.jar;C:\Users\dunghv1\.m2\repository\aopalliance\aopalliance\1.0\aopalliance-1.0.jar;C:\Users\dunghv1\.m2\repository\com\thoughtworks\xstream\xstream\1.4.19\xstream-1.4.19.jar;C:\Users\dunghv1\.m2\repository\io\github\x-stream\mxparser\1.2.2\mxparser-1.2.2.jar;C:\Users\dunghv1\.m2\repository\xmlpull\xmlpull\1.1.3.1\xmlpull-1.1.3.1.jar;C:\Users\dunghv1\.m2\repository\io\cucumber\cucumber-java\7.2.3\cucumber-java-7.2.3.jar;C:\Users\dunghv1\.m2\repository\com\typesafe\config\1.3.1\config-1.3.1.jar;C:\Users\dunghv1\.m2\repository\org\imgscalr\imgscalr-lib\4.2\imgscalr-lib-4.2.jar;C:\Users\dunghv1\.m2\repository\org\awaitility\awaitility\4.1.0\awaitility-4.1.0.jar;C:\Users\dunghv1\.m2\repository\org\freemarker\freemarker\2.3.31\freemarker-2.3.31.jar;C:\Users\dunghv1\.m2\repository\io\github\classgraph\classgraph\4.8.138\classgraph-4.8.138.jar;C:\Users\dunghv1\.m2\repository\net\sourceforge\jexcelapi\jxl\2.6.12\jxl-2.6.12.jar;C:\Users\dunghv1\.m2\repository\net\bytebuddy\byte-buddy-agent\1.12.3\byte-buddy-agent-1.12.3.jar;C:\Users\dunghv1\.m2\repository\org\objenesis\objenesis\3.1\objenesis-3.1.jar;C:\Users\dunghv1\.m2\repository\net\serenity-bdd\serenity-reports\3.2.0\serenity-reports-3.2.0.jar;C:\Users\dunghv1\.m2\repository\com\vladsch\flexmark\flexmark-all\0.34.30\flexmark-all-0.34.30.jar;C:\Users\dunghv1\.m2\repository\com\vladsch\flexmark\flexmark\0.34.30\flexmark-0.34.30.jar;C:\Users\dunghv1\.m2\repository\com\vladsch\flexmark\flexmark-ext-abbreviation\0.34.30\flexmark-ext-abbreviation-0.34.30.jar;C:\Users\dunghv1\.m2\repository\com\vladsch\flexmark\flexmark-ext-admonition\0.34.30\flexmark-ext-admonition-0.34.30.jar;C:\Users\dunghv1\.m2\repository\com\vladsch\flexmark\flexmark-ext-anchorlink\0.34.30\flexmark-ext-anchorlink-0.34.30.jar;C:\Users\dunghv1\.m2\repository\com\vladsch\flexmark\flexmark-ext-aside\0.34.30\flexmark-ext-aside-0.34.30.jar;C:\Users\dunghv1\.m2\repository\com\vladsch\flexmark\flexmark-ext-attributes\0.34.30\flexmark-ext-attributes-0.34.30.jar;C:\Users\dunghv1\.m2\repository\com\vladsch\flexmark\flexmark-ext-autolink\0.34.30\flexmark-ext-autolink-0.34.30.jar;C:\Users\dunghv1\.m2\repository\org\nibor\autolink\autolink\0.6.0\autolink-0.6.0.jar;C:\Users\dunghv1\.m2\repository\com\vladsch\flexmark\flexmark-ext-definition\0.34.30\flexmark-ext-definition-0.34.30.jar;C:\Users\dunghv1\.m2\repository\com\vladsch\flexmark\flexmark-ext-emoji\0.34.30\flexmark-ext-emoji-0.34.30.jar;C:\Users\dunghv1\.m2\repository\com\vladsch\flexmark\flexmark-ext-enumerated-reference\0.34.30\flexmark-ext-enumerated-reference-0.34.30.jar;C:\Users\dunghv1\.m2\repository\com\vladsch\flexmark\flexmark-ext-escaped-character\0.34.30\flexmark-ext-escaped-character-0.34.30.jar;C:\Users\dunghv1\.m2\repository\com\vladsch\flexmark\flexmark-ext-footnotes\0.34.30\flexmark-ext-footnotes-0.34.30.jar;C:\Users\dunghv1\.m2\repository\com\vladsch\flexmark\flexmark-ext-gfm-issues\0.34.30\flexmark-ext-gfm-issues-0.34.30.jar;C:\Users\dunghv1\.m2\repository\com\vladsch\flexmark\flexmark-ext-gfm-strikethrough\0.34.30\flexmark-ext-gfm-strikethrough-0.34.30.jar;C:\Users\dunghv1\.m2\repository\com\vladsch\flexmark\flexmark-ext-gfm-tables\0.34.30\flexmark-ext-gfm-tables-0.34.30.jar;C:\Users\dunghv1\.m2\repository\com\vladsch\flexmark\flexmark-ext-gfm-tasklist\0.34.30\flexmark-ext-gfm-tasklist-0.34.30.jar;C:\Users\dunghv1\.m2\repository\com\vladsch\flexmark\flexmark-ext-gfm-users\0.34.30\flexmark-ext-gfm-users-0.34.30.jar;C:\Users\dunghv1\.m2\repository\com\vladsch\flexmark\flexmark-ext-gitlab\0.34.30\flexmark-ext-gitlab-0.34.30.jar;C:\Users\dunghv1\.m2\repository\com\vladsch\flexmark\flexmark-ext-jekyll-front-matter\0.34.30\flexmark-ext-jekyll-front-matter-0.34.30.jar;C:\Users\dunghv1\.m2\repository\com\vladsch\flexmark\flexmark-ext-jekyll-tag\0.34.30\flexmark-ext-jekyll-tag-0.34.30.jar;C:\Users\dunghv1\.m2\repository\com\vladsch\flexmark\flexmark-ext-media-tags\0.34.30\flexmark-ext-media-tags-0.34.30.jar;C:\Users\dunghv1\.m2\repository\com\vladsch\flexmark\flexmark-test-util\0.34.30\flexmark-test-util-0.34.30.jar;C:\Users\dunghv1\.m2\repository\com\vladsch\flexmark\flexmark-ext-ins\0.34.30\flexmark-ext-ins-0.34.30.jar;C:\Users\dunghv1\.m2\repository\com\vladsch\flexmark\flexmark-ext-xwiki-macros\0.34.30\flexmark-ext-xwiki-macros-0.34.30.jar;C:\Users\dunghv1\.m2\repository\com\vladsch\flexmark\flexmark-ext-superscript\0.34.30\flexmark-ext-superscript-0.34.30.jar;C:\Users\dunghv1\.m2\repository\com\vladsch\flexmark\flexmark-ext-tables\0.34.30\flexmark-ext-tables-0.34.30.jar;C:\Users\dunghv1\.m2\repository\com\vladsch\flexmark\flexmark-ext-toc\0.34.30\flexmark-ext-toc-0.34.30.jar;C:\Users\dunghv1\.m2\repository\com\vladsch\flexmark\flexmark-ext-typographic\0.34.30\flexmark-ext-typographic-0.34.30.jar;C:\Users\dunghv1\.m2\repository\com\vladsch\flexmark\flexmark-ext-wikilink\0.34.30\flexmark-ext-wikilink-0.34.30.jar;C:\Users\dunghv1\.m2\repository\com\vladsch\flexmark\flexmark-ext-yaml-front-matter\0.34.30\flexmark-ext-yaml-front-matter-0.34.30.jar;C:\Users\dunghv1\.m2\repository\com\vladsch\flexmark\flexmark-ext-youtube-embedded\0.34.30\flexmark-ext-youtube-embedded-0.34.30.jar;C:\Users\dunghv1\.m2\repository\com\vladsch\flexmark\flexmark-formatter\0.34.30\flexmark-formatter-0.34.30.jar;C:\Users\dunghv1\.m2\repository\com\vladsch\flexmark\flexmark-html-parser\0.34.30\flexmark-html-parser-0.34.30.jar;C:\Users\dunghv1\.m2\repository\com\vladsch\flexmark\flexmark-jira-converter\0.34.30\flexmark-jira-converter-0.34.30.jar;C:\Users\dunghv1\.m2\repository\com\vladsch\flexmark\flexmark-pdf-converter\0.34.30\flexmark-pdf-converter-0.34.30.jar;C:\Users\dunghv1\.m2\repository\com\openhtmltopdf\openhtmltopdf-core\0.0.1-RC13\openhtmltopdf-core-0.0.1-RC13.jar;C:\Users\dunghv1\.m2\repository\com\openhtmltopdf\openhtmltopdf-pdfbox\0.0.1-RC13\openhtmltopdf-pdfbox-0.0.1-RC13.jar;C:\Users\dunghv1\.m2\repository\org\apache\pdfbox\pdfbox\2.0.8\pdfbox-2.0.8.jar;C:\Users\dunghv1\.m2\repository\org\apache\pdfbox\fontbox\2.0.8\fontbox-2.0.8.jar;C:\Users\dunghv1\.m2\repository\org\apache\pdfbox\xmpbox\2.0.8\xmpbox-2.0.8.jar;C:\Users\dunghv1\.m2\repository\de\rototor\pdfbox\graphics2d\0.12\graphics2d-0.12.jar;C:\Users\dunghv1\.m2\repository\com\openhtmltopdf\openhtmltopdf-rtl-support\0.0.1-RC13\openhtmltopdf-rtl-support-0.0.1-RC13.jar;C:\Users\dunghv1\.m2\repository\com\ibm\icu\icu4j\59.1\icu4j-59.1.jar;C:\Users\dunghv1\.m2\repository\com\openhtmltopdf\openhtmltopdf-jsoup-dom-converter\0.0.1-RC13\openhtmltopdf-jsoup-dom-converter-0.0.1-RC13.jar;C:\Users\dunghv1\.m2\repository\com\vladsch\flexmark\flexmark-profile-pegdown\0.34.30\flexmark-profile-pegdown-0.34.30.jar;C:\Users\dunghv1\.m2\repository\com\vladsch\flexmark\flexmark-util\0.34.30\flexmark-util-0.34.30.jar;C:\Users\dunghv1\.m2\repository\com\vladsch\flexmark\flexmark-youtrack-converter\0.34.30\flexmark-youtrack-converter-0.34.30.jar;C:\Users\dunghv1\.m2\repository\es\nitaur\markdown\txtmark\0.16\txtmark-0.16.jar;C:\Users\dunghv1\.m2\repository\net\serenity-bdd\serenity-report-resources\3.2.0\serenity-report-resources-3.2.0.jar;C:\Users\dunghv1\.m2\repository\com\google\code\gson\gson\2.8.9\gson-2.8.9.jar;C:\Users\dunghv1\.m2\repository\com\fasterxml\jackson\core\jackson-core\2.12.4\jackson-core-2.12.4.jar;C:\Users\dunghv1\.m2\repository\com\fasterxml\jackson\core\jackson-databind\2.12.4\jackson-databind-2.12.4.jar;C:\Users\dunghv1\.m2\repository\com\fasterxml\jackson\core\jackson-annotations\2.12.4\jackson-annotations-2.12.4.jar;C:\Users\dunghv1\.m2\repository\commons-codec\commons-codec\1.15\commons-codec-1.15.jar;C:\Users\dunghv1\.m2\repository\commons-io\commons-io\2.8.0\commons-io-2.8.0.jar;C:\Users\dunghv1\.m2\repository\org\projectlombok\lombok\1.18.20\lombok-1.18.20.jar;C:\Users\dunghv1\.m2\repository\io\appium\java-client\8.0.0-beta2\java-client-8.0.0-beta2.jar;C:\Users\dunghv1\.m2\repository\commons-validator\commons-validator\1.7\commons-validator-1.7.jar;C:\Users\dunghv1\.m2\repository\commons-digester\commons-digester\2.1\commons-digester-2.1.jar;C:\Users\dunghv1\.m2\repository\org\aspectj\aspectjweaver\1.9.7\aspectjweaver-1.9.7.jar;C:\Users\dunghv1\.m2\repository\org\codehaus\groovy\groovy\3.0.9\groovy-3.0.9.jar;C:\Users\dunghv1\.m2\repository\net\sf\opencsv\opencsv\2.0\opencsv-2.0.jar;C:\Users\dunghv1\.m2\repository\commons-beanutils\commons-beanutils\1.9.4\commons-beanutils-1.9.4.jar;C:\Users\dunghv1\.m2\repository\org\apache\commons\commons-lang3\3.11\commons-lang3-3.11.jar;C:\Users\dunghv1\.m2\repository\org\fluentlenium\fluentlenium-core\0.10.2\fluentlenium-core-0.10.2.jar;C:\Users\dunghv1\.m2\repository\io\github\bonigarcia\webdrivermanager\5.0.3\webdrivermanager-5.0.3.jar;C:\Users\dunghv1\.m2\repository\com\github\docker-java\docker-java\3.2.12\docker-java-3.2.12.jar;C:\Users\dunghv1\.m2\repository\com\github\docker-java\docker-java-core\3.2.12\docker-java-core-3.2.12.jar;C:\Users\dunghv1\.m2\repository\com\github\docker-java\docker-java-api\3.2.12\docker-java-api-3.2.12.jar;C:\Users\dunghv1\.m2\repository\commons-lang\commons-lang\2.6\commons-lang-2.6.jar;C:\Users\dunghv1\.m2\repository\org\bouncycastle\bcpkix-jdk15on\1.64\bcpkix-jdk15on-1.64.jar;C:\Users\dunghv1\.m2\repository\org\bouncycastle\bcprov-jdk15on\1.64\bcprov-jdk15on-1.64.jar;C:\Users\dunghv1\.m2\repository\org\slf4j\jcl-over-slf4j\1.7.30\jcl-over-slf4j-1.7.30.jar;C:\Users\dunghv1\.m2\repository\com\github\docker-java\docker-java-transport-httpclient5\3.2.12\docker-java-transport-httpclient5-3.2.12.jar;C:\Users\dunghv1\.m2\repository\com\github\docker-java\docker-java-transport\3.2.12\docker-java-transport-3.2.12.jar;C:\Users\dunghv1\.m2\repository\org\apache\httpcomponents\client5\httpclient5\5.0.3\httpclient5-5.0.3.jar;C:\Users\dunghv1\.m2\repository\org\apache\httpcomponents\core5\httpcore5\5.0.2\httpcore5-5.0.2.jar;C:\Users\dunghv1\.m2\repository\net\java\dev\jna\jna\5.8.0\jna-5.8.0.jar;C:\Users\dunghv1\.m2\repository\org\brotli\dec\0.1.2\dec-0.1.2.jar;C:\Users\dunghv1\.m2\repository\com\jhlabs\filters\2.0.235\filters-2.0.235.jar;C:\Users\dunghv1\.m2\repository\com\paulhammant\ngwebdriver\1.1.5\ngwebdriver-1.1.5.jar;C:\Users\dunghv1\.m2\repository\joda-time\joda-time\2.8.2\joda-time-2.8.2.jar;C:\Users\dunghv1\.m2\repository\org\hamcrest\hamcrest\2.2\hamcrest-2.2.jar;C:\Users\dunghv1\.m2\repository\com\google\jimfs\jimfs\1.1\jimfs-1.1.jar;C:\Users\dunghv1\.m2\repository\org\mockito\mockito-core\3.3.3\mockito-core-3.3.3.jar;C:\Users\dunghv1\.m2\repository\javax\xml\bind\jaxb-api\2.3.1\jaxb-api-2.3.1.jar;C:\Users\dunghv1\.m2\repository\javax\activation\javax.activation-api\1.2.0\javax.activation-api-1.2.0.jar;C:\Users\dunghv1\.m2\repository\com\sun\xml\bind\jaxb-core\2.3.0.1\jaxb-core-2.3.0.1.jar;C:\Users\dunghv1\.m2\repository\com\sun\xml\bind\jaxb-impl\2.3.3\jaxb-impl-2.3.3.jar;C:\Users\dunghv1\.m2\repository\jakarta\xml\bind\jakarta.xml.bind-api\2.3.3\jakarta.xml.bind-api-2.3.3.jar;C:\Users\dunghv1\.m2\repository\com\sun\activation\jakarta.activation\1.2.2\jakarta.activation-1.2.2.jar;C:\Users\dunghv1\.m2\repository\javax\activation\activation\1.1.1\activation-1.1.1.jar;C:\Users\dunghv1\.m2\repository\net\serenity-bdd\serenity-cucumber\3.2.0\serenity-cucumber-3.2.0.jar;C:\Users\dunghv1\.m2\repository\net\serenity-bdd\serenity-screenplay-webdriver\3.2.0\serenity-screenplay-webdriver-3.2.0.jar;C:\Users\dunghv1\.m2\repository\io\cucumber\cucumber-core\7.2.3\cucumber-core-7.2.3.jar;C:\Users\dunghv1\.m2\repository\io\cucumber\cucumber-gherkin\7.2.3\cucumber-gherkin-7.2.3.jar;C:\Users\dunghv1\.m2\repository\io\cucumber\cucumber-gherkin-messages\7.2.3\cucumber-gherkin-messages-7.2.3.jar;C:\Users\dunghv1\.m2\repository\io\cucumber\messages\17.1.1\messages-17.1.1.jar;C:\Users\dunghv1\.m2\repository\io\cucumber\tag-expressions\4.1.0\tag-expressions-4.1.0.jar;C:\Users\dunghv1\.m2\repository\io\cucumber\cucumber-expressions\15.0.1\cucumber-expressions-15.0.1.jar;C:\Users\dunghv1\.m2\repository\io\cucumber\datatable\7.2.3\datatable-7.2.3.jar;C:\Users\dunghv1\.m2\repository\io\cucumber\cucumber-plugin\7.2.3\cucumber-plugin-7.2.3.jar;C:\Users\dunghv1\.m2\repository\io\cucumber\docstring\7.2.3\docstring-7.2.3.jar;C:\Users\dunghv1\.m2\repository\io\cucumber\html-formatter\17.0.0\html-formatter-17.0.0.jar;C:\Users\dunghv1\.m2\repository\io\cucumber\ci-environment\8.1.0\ci-environment-8.1.0.jar;C:\Users\dunghv1\.m2\repository\io\cucumber\cucumber-junit\7.2.3\cucumber-junit-7.2.3.jar;C:\Users\dunghv1\.m2\repository\org\apiguardian\apiguardian-api\1.1.2\apiguardian-api-1.1.2.jar;C:\Users\dunghv1\.m2\repository\org\apache\commons\commons-csv\1.5\commons-csv-1.5.jar;C:\Users\dunghv1\.m2\repository\net\serenity-bdd\serenity-rest-assured\3.2.0\serenity-rest-assured-3.2.0.jar;C:\Users\dunghv1\.m2\repository\org\apache\httpcomponents\httpclient\4.5.13\httpclient-4.5.13.jar;C:\Users\dunghv1\.m2\repository\org\apache\httpcomponents\httpcore\4.4.13\httpcore-4.4.13.jar;C:\Users\dunghv1\.m2\repository\commons-logging\commons-logging\1.2\commons-logging-1.2.jar;C:\Users\dunghv1\.m2\repository\io\rest-assured\rest-assured\4.4.0\rest-assured-4.4.0.jar;C:\Users\dunghv1\.m2\repository\org\apache\httpcomponents\httpmime\4.5.13\httpmime-4.5.13.jar;C:\Users\dunghv1\.m2\repository\org\ccil\cowan\tagsoup\tagsoup\1.2.1\tagsoup-1.2.1.jar;C:\Users\dunghv1\.m2\repository\io\rest-assured\json-path\4.4.0\json-path-4.4.0.jar;C:\Users\dunghv1\.m2\repository\io\rest-assured\rest-assured-common\4.4.0\rest-assured-common-4.4.0.jar;C:\Users\dunghv1\.m2\repository\io\rest-assured\xml-path\4.4.0\xml-path-4.4.0.jar;C:\Users\dunghv1\.m2\repository\org\codehaus\groovy\groovy-json\3.0.9\groovy-json-3.0.9.jar;C:\Users\dunghv1\.m2\repository\org\codehaus\groovy\groovy-xml\3.0.9\groovy-xml-3.0.9.jar;C:\Users\dunghv1\.m2\repository\org\opentest4j\opentest4j\1.2.0\opentest4j-1.2.0.jar;C:\Users\dunghv1\.m2\repository\net\serenity-bdd\serenity-screenplay\3.2.0\serenity-screenplay-3.2.0.jar;C:\Users\dunghv1\.m2\repository\net\serenity-bdd\serenity-screenplay-rest\3.2.0\serenity-screenplay-rest-3.2.0.jar;C:\Users\dunghv1\.m2\repository\net\serenity-bdd\serenity-ensure\3.2.0\serenity-ensure-3.2.0.jar;C:\Users\dunghv1\.m2\repository\net\serenity-bdd\serenity-junit\3.2.0\serenity-junit-3.2.0.jar;C:\Users\dunghv1\.m2\repository\junit\junit\4.13.2\junit-4.13.2.jar;C:\Users\dunghv1\.m2\repository\org\jetbrains\kotlin\kotlin-stdlib\1.6.0\kotlin-stdlib-1.6.0.jar;C:\Users\dunghv1\.m2\repository\org\jetbrains\annotations\13.0\annotations-13.0.jar;C:\Users\dunghv1\.m2\repository\org\jetbrains\kotlin\kotlin-stdlib-common\1.6.0\kotlin-stdlib-common-1.6.0.jar;C:\Users\dunghv1\.m2\repository\org\assertj\assertj-core\3.6.2\assertj-core-3.6.2.jar;C:\Users\dunghv1\.m2\repository\org\apache\poi\poi\4.1.1\poi-4.1.1.jar;C:\Users\dunghv1\.m2\repository\org\apache\commons\commons-collections4\4.4\commons-collections4-4.4.jar;C:\Users\dunghv1\.m2\repository\org\apache\commons\commons-math3\3.6.1\commons-math3-3.6.1.jar;C:\Users\dunghv1\.m2\repository\org\apache\poi\poi-ooxml\4.1.1\poi-ooxml-4.1.1.jar;C:\Users\dunghv1\.m2\repository\org\apache\commons\commons-compress\1.19\commons-compress-1.19.jar;C:\Users\dunghv1\.m2\repository\com\github\virtuald\curvesapi\1.06\curvesapi-1.06.jar;C:\Users\dunghv1\.m2\repository\org\apache\poi\poi-ooxml-schemas\4.1.1\poi-ooxml-schemas-4.1.1.jar;C:\Users\dunghv1\.m2\repository\org\apache\xmlbeans\xmlbeans\3.1.0\xmlbeans-3.1.0.jar;C:\Users\dunghv1\.m2\repository\com\googlecode\json-simple\json-simple\1.1\json-simple-1.1.jar;C:\Users\dunghv1\.m2\repository\org\json\json\20220924\json-20220924.jar;C:\Users\dunghv1\.m2\repository\com\jcraft\jsch\0.1.55\jsch-0.1.55.jar;C:\Users\dunghv1\.m2\repository\net\serenity-bdd\serenity-shutterbug1x\3.1.15\serenity-shutterbug1x-3.1.15.jar;C:\Users\dunghv1\.m2\repository\com\assertthat\selenium-shutterbug\1.5\selenium-shutterbug-1.5.jar;C:\Users\dunghv1\.m2\repository\com\github\zafarkhaja\java-semver\0.9.0\java-semver-0.9.0.jar;C:\Users\dunghv1\.m2\repository\com\jayway\jsonpath\json-path\2.7.0\json-path-2.7.0.jar;C:\Users\dunghv1\.m2\repository\net\minidev\json-smart\2.4.7\json-smart-2.4.7.jar;C:\Users\dunghv1\.m2\repository\net\minidev\accessors-smart\2.4.7\accessors-smart-2.4.7.jar;C:\Users\dunghv1\.m2\repository\org\ow2\asm\asm\9.1\asm-9.1.jar;C:\Users\dunghv1\.m2\repository\net\serenity-bdd\serenity-single-page-report\3.2.0\serenity-single-page-report-3.2.0.jar;C:\Users\dunghv1\.m2\repository\net\serenity-bdd\serenity-stats\3.2.0\serenity-stats-3.2.0.jar;C:\Users\dunghv1\.m2\repository\net\serenity-bdd\serenity-reports-configuration\3.2.0\serenity-reports-configuration-3.2.0.jar;C:\Users\dunghv1\.m2\repository\org\thymeleaf\thymeleaf\3.0.14.RELEASE\thymeleaf-3.0.14.RELEASE.jar;C:\Users\dunghv1\.m2\repository\ognl\ognl\3.1.26\ognl-3.1.26.jar;C:\Users\dunghv1\.m2\repository\org\attoparser\attoparser\2.0.5.RELEASE\attoparser-2.0.5.RELEASE.jar;C:\Users\dunghv1\.m2\repository\org\unbescape\unbescape\1.1.6.RELEASE\unbescape-1.1.6.RELEASE.jar;C:\Users\dunghv1\.m2\repository\org\javassist\javassist\3.28.0-GA\javassist-3.28.0-GA.jar;C:\Users\dunghv1\.m2\repository\org\knowm\xchart\xchart\3.5.2\xchart-3.5.2.jar;C:\Users\dunghv1\.m2\repository\de\erichseifert\vectorgraphics2d\VectorGraphics2D\0.13\VectorGraphics2D-0.13.jar;C:\Users\dunghv1\.m2\repository\org\thymeleaf\extras\thymeleaf-extras-java8time\3.0.4.RELEASE\thymeleaf-extras-java8time-3.0.4.RELEASE.jar;C:\Users\dunghv1\.m2\repository\net\serenity-bdd\serenity-navigator-report\3.1.10\serenity-navigator-report-3.1.10.jar;C:\Users\dunghv1\.m2\repository\org\jetbrains\kotlin\kotlin-stdlib-jdk8\1.6.0\kotlin-stdlib-jdk8-1.6.0.jar;C:\Users\dunghv1\.m2\repository\org\jetbrains\kotlin\kotlin-stdlib-jdk7\1.6.0\kotlin-stdlib-jdk7-1.6.0.jar;C:\Users\dunghv1\.m2\repository\org\jsoup\jsoup\1.14.3\jsoup-1.14.3.jar;C:\Users\dunghv1\.m2\repository\commons-collections\commons-collections\3.2.2\commons-collections-3.2.2.jar;C:\Users\dunghv1\.m2\repository\org\apache\maven\plugins\maven-failsafe-plugin\3.0.0-M9\maven-failsafe-plugin-3.0.0-M9.jar;C:\Users\dunghv1\.m2\repository\org\apache\maven\surefire\maven-surefire-common\3.0.0-M9\maven-surefire-common-3.0.0-M9.jar;C:\Users\dunghv1\.m2\repository\org\apache\maven\surefire\surefire-api\3.0.0-M9\surefire-api-3.0.0-M9.jar;C:\Users\dunghv1\.m2\repository\org\apache\maven\surefire\surefire-logger-api\3.0.0-M9\surefire-logger-api-3.0.0-M9.jar;C:\Users\dunghv1\.m2\repository\org\apache\maven\surefire\surefire-extensions-api\3.0.0-M9\surefire-extensions-api-3.0.0-M9.jar;C:\Users\dunghv1\.m2\repository\org\apache\maven\surefire\surefire-booter\3.0.0-M9\surefire-booter-3.0.0-M9.jar;C:\Users\dunghv1\.m2\repository\org\apache\maven\surefire\surefire-extensions-spi\3.0.0-M9\surefire-extensions-spi-3.0.0-M9.jar;C:\Users\dunghv1\.m2\repository\org\apache\maven\shared\maven-common-artifact-filters\3.1.1\maven-common-artifact-filters-3.1.1.jar;C:\Users\dunghv1\.m2\repository\org\apache\maven\maven-artifact\3.1.0\maven-artifact-3.1.0.jar;C:\Users\dunghv1\.m2\repository\org\codehaus\plexus\plexus-utils\3.0.10\plexus-utils-3.0.10.jar;C:\Users\dunghv1\.m2\repository\org\apache\maven\maven-core\3.1.0\maven-core-3.1.0.jar;C:\Users\dunghv1\.m2\repository\org\apache\maven\maven-settings\3.1.0\maven-settings-3.1.0.jar;C:\Users\dunghv1\.m2\repository\org\apache\maven\maven-settings-builder\3.1.0\maven-settings-builder-3.1.0.jar;C:\Users\dunghv1\.m2\repository\org\apache\maven\maven-repository-metadata\3.1.0\maven-repository-metadata-3.1.0.jar;C:\Users\dunghv1\.m2\repository\org\apache\maven\maven-model-builder\3.1.0\maven-model-builder-3.1.0.jar;C:\Users\dunghv1\.m2\repository\org\apache\maven\maven-aether-provider\3.1.0\maven-aether-provider-3.1.0.jar;C:\Users\dunghv1\.m2\repository\org\eclipse\aether\aether-spi\0.9.0.M2\aether-spi-0.9.0.M2.jar;C:\Users\dunghv1\.m2\repository\org\eclipse\aether\aether-impl\0.9.0.M2\aether-impl-0.9.0.M2.jar;C:\Users\dunghv1\.m2\repository\org\eclipse\aether\aether-api\0.9.0.M2\aether-api-0.9.0.M2.jar;C:\Users\dunghv1\.m2\repository\org\eclipse\aether\aether-util\0.9.0.M2\aether-util-0.9.0.M2.jar;C:\Users\dunghv1\.m2\repository\org\eclipse\sisu\org.eclipse.sisu.plexus\0.0.0.M2a\org.eclipse.sisu.plexus-0.0.0.M2a.jar;C:\Users\dunghv1\.m2\repository\javax\enterprise\cdi-api\1.0\cdi-api-1.0.jar;C:\Users\dunghv1\.m2\repository\javax\annotation\jsr250-api\1.0\jsr250-api-1.0.jar;C:\Users\dunghv1\.m2\repository\org\sonatype\sisu\sisu-guice\3.1.0\sisu-guice-3.1.0-no_aop.jar;C:\Users\dunghv1\.m2\repository\org\eclipse\sisu\org.eclipse.sisu.inject\0.0.0.M2a\org.eclipse.sisu.inject-0.0.0.M2a.jar;C:\Users\dunghv1\.m2\repository\asm\asm\3.3.1\asm-3.3.1.jar;C:\Users\dunghv1\.m2\repository\org\codehaus\plexus\plexus-interpolation\1.16\plexus-interpolation-1.16.jar;C:\Users\dunghv1\.m2\repository\org\codehaus\plexus\plexus-classworlds\2.4.2\plexus-classworlds-2.4.2.jar;C:\Users\dunghv1\.m2\repository\org\codehaus\plexus\plexus-component-annotations\1.5.5\plexus-component-annotations-1.5.5.jar;C:\Users\dunghv1\.m2\repository\org\sonatype\plexus\plexus-sec-dispatcher\1.3\plexus-sec-dispatcher-1.3.jar;C:\Users\dunghv1\.m2\repository\org\sonatype\plexus\plexus-cipher\1.4\plexus-cipher-1.4.jar;C:\Users\dunghv1\.m2\repository\org\apache\maven\maven-plugin-api\3.1.0\maven-plugin-api-3.1.0.jar;C:\Users\dunghv1\.m2\repository\org\codehaus\plexus\plexus-java\1.1.2\plexus-java-1.1.2.jar;C:\Users\dunghv1\.m2\repository\com\thoughtworks\qdox\qdox\2.0.3\qdox-2.0.3.jar;C:\Users\dunghv1\.m2\repository\org\apache\maven\surefire\surefire-shared-utils\3.0.0-M9\surefire-shared-utils-3.0.0-M9.jar;"/>
    <property name="sun.cpu.endian" value="little"/>
    <property name="user.home" value="C:\Users\dunghv1"/>
    <property name="user.language" value="en"/>
    <property name="java.specification.vendor" value="Oracle Corporation"/>
    <property name="java.home" value="C:\Program Files\Java\jdk1.8.0_202\jre"/>
    <property name="tags" value="@global-shipping-method"/>
    <property name="basedir" value="D:\Automation-Api\GSM_API"/>
    <property name="file.separator" value="\"/>
    <property name="line.separator" value="&#10;"/>
    <property name="java.vm.specification.vendor" value="Oracle Corporation"/>
    <property name="java.specification.name" value="Java Platform API Specification"/>
    <property name="java.awt.graphicsenv" value="sun.awt.Win32GraphicsEnvironment"/>
    <property name="surefire.real.class.path" value="C:\Users\dunghv1\AppData\Local\Temp\surefire3145219516058919420\surefirebooter-20231120180737612_3.jar"/>
    <property name="sun.boot.class.path" value="C:\Program Files\Java\jdk1.8.0_202\jre\lib\resources.jar;C:\Program Files\Java\jdk1.8.0_202\jre\lib\rt.jar;C:\Program Files\Java\jdk1.8.0_202\jre\lib\sunrsasign.jar;C:\Program Files\Java\jdk1.8.0_202\jre\lib\jsse.jar;C:\Program Files\Java\jdk1.8.0_202\jre\lib\jce.jar;C:\Program Files\Java\jdk1.8.0_202\jre\lib\charsets.jar;C:\Program Files\Java\jdk1.8.0_202\jre\lib\jfr.jar;C:\Program Files\Java\jdk1.8.0_202\jre\classes"/>
    <property name="user.script" value=""/>
    <property name="sun.management.compiler" value="HotSpot 64-Bit Tiered Compilers"/>
    <property name="java.runtime.version" value="1.8.0_202-b08"/>
    <property name="user.name" value="dunghv1"/>
    <property name="path.separator" value=";"/>
    <property name="os.version" value="10.0"/>
    <property name="java.endorsed.dirs" value="C:\Program Files\Java\jdk1.8.0_202\jre\lib\endorsed"/>
    <property name="java.runtime.name" value="Java(TM) SE Runtime Environment"/>
    <property name="file.encoding" value="Cp1252"/>
    <property name="java.vm.name" value="Java HotSpot(TM) 64-Bit Server VM"/>
    <property name="localRepository" value="C:\Users\dunghv1\.m2\repository"/>
    <property name="java.vendor.url.bug" value="http://bugreport.sun.com/bugreport/"/>
    <property name="java.io.tmpdir" value="C:\Users\dunghv1\AppData\Local\Temp\"/>
    <property name="java.version" value="1.8.0_202"/>
    <property name="testsuite" value="DemoTestSuite"/>
    <property name="user.dir" value="D:\Automation-Api\GSM_API"/>
    <property name="os.arch" value="amd64"/>
    <property name="java.vm.specification.name" value="Java Virtual Machine Specification"/>
    <property name="java.awt.printerjob" value="sun.awt.windows.WPrinterJob"/>
    <property name="sun.os.patch.level" value=""/>
    <property name="environment" value="gp1"/>
    <property name="java.library.path" value="C:\Program Files\Java\jdk1.8.0_202\jre\bin;C:\Windows\Sun\Java\bin;C:\Windows\system32;C:\Windows;C:\Program Files (x86)\Common Files\Oracle\Java\javapath;C:\Windows\system32;C:\Windows;C:\Windows\System32\Wbem;C:\Windows\System32\WindowsPowerShell\v1.0\;C:\Windows\System32\OpenSSH\;C:\Users\dunghv1\Downloads\apache-maven-3.9.4-bin\apache-maven-3.9.4\bin;C:\Program Files (x86)\Microsoft SQL Server\160\Tools\Binn\;C:\Program Files\Microsoft SQL Server\160\Tools\Binn\;C:\Program Files\Microsoft SQL Server\Client SDK\ODBC\170\Tools\Binn\;C:\Program Files\Microsoft SQL Server\160\DTS\Binn\;C:\Program Files (x86)\Microsoft SQL Server\160\DTS\Binn\;C:\Program Files\Azure Data Studio\bin;C:\Users\dunghv1\AppData\Local\Microsoft\WindowsApps;C:\Users\dunghv1\AppData\Local\Programs\Git\cmd;."/>
    <property name="java.vm.info" value="mixed mode"/>
    <property name="java.vendor" value="Oracle Corporation"/>
    <property name="java.vm.version" value="25.202-b08"/>
    <property name="java.ext.dirs" value="C:\Program Files\Java\jdk1.8.0_202\jre\lib\ext;C:\Windows\Sun\Java\lib\ext"/>
    <property name="sun.io.unicode.encoding" value="UnicodeLittle"/>
    <property name="java.class.version" value="52.0"/>
  </properties>
  <testcase name="global shipping method" classname="Demo Guest place order with API" time="11.81">
    <system-out><![CDATA[
@global-shipping-method
Scenario Outline: global shipping method        &amp#27;[90m# src/test/resources/features/GlobalShippingMethod.feature:81&amp#27;[0m
&amp#27;[92m|-- 1: global shipping method ({country=ca_en, email=dunghv1@smartosc.com, paymentMethod=cashondelivery})&amp#27;[0m
Set session id: SCENARIO - global shipping method
Set session id: PATH_FEATURE - /D:/Automation-Api/GSM_API/src/test/resources/features/GlobalShippingMethod.feature
Set session id: DIRECTORY_FEATURE - /D:/Automation-Api/GSM_API/src/test/resources/features/GlobalShippingMethod.feature
&amp#27;[92m|---- Given Guest create empty cart ca_en&amp#27;[0m
&amp#27;[92m|------ Guest cart page gsm&amp#27;[0m
Get session id: COUNTRY - ca_en
&amp#27;[92m|-------- Guest should see a value that is equal to: <200>&amp#27;[0m
Set session id: COUNTRY - ca_en
  &amp#27;[32mGiven &amp#27;[0m&amp#27;[32m&amp#27;[0m&amp#27;[32m&amp#27;[1mGuest&amp#27;[0m&amp#27;[32m create empty cart &amp#27;[0m&amp#27;[32m&amp#27;[1mca_en&amp#27;[0m           &amp#27;[90m# stepdefinitions.CartStepGSM.createEmptyCart(net.serenitybdd.screenplay.Actor,java.lang.String)&amp#27;[0m
&amp#27;[92m|---- When Set Guest "dunghv1@smartosc.com" on cart&amp#27;[0m
key - value: Email - dunghv1@smartosc.com
key - value: CartID - sRcLPWevvvbXN3BLNWOoz2HCj3lUTHY7
Get session id: COUNTRY - ca_en
&amp#27;[92m|------ Guest should see a value that is equal to: <200>&amp#27;[0m
{
    "data": {
        "setGuestEmailOnCart": {
            "cart": {
                "email": "dunghv1@smartosc.com"
            }
        }
    }
}
  &amp#27;[32mWhen &amp#27;[0m&amp#27;[32mSet Guest &amp#27;[0m&amp#27;[32m&amp#27;[1m"dunghv1@smartosc.com"&amp#27;[0m&amp#27;[32m on cart&amp#27;[0m &amp#27;[90m# stepdefinitions.CartStepGSM.setGuestEmail(java.lang.String)&amp#27;[0m
&amp#27;[92m|---- And Get Product
| product_id | postCode |
| Auto7966073.OMD.ACCA.CA | K0E 0B2 |&amp#27;[0m
key - value: Product_id - Auto7966073.OMD.ACCA.CA
key - value: Address_level_4 - K0E 0B2
Get session id: COUNTRY - ca_en
&amp#27;[92m|------ Guest should see a value that is equal to: <200>&amp#27;[0m
{
    "data": {
        "getPbpProduct": {
            "product": {
                "id": 1628,
                "name": "Auto7966073.OMD",
                "sku": "Auto7966073.OMD.ACCA.CA_EN",
                "url_key": "auto7966073-omd",
                "new_from_date": null,
                "new_to_date": null,
                "special_price": null,
                "special_from_date": null,
                "special_to_date": null,
                "stock_status": "IN_STOCK",
                "pre_order": {
                    "delivery_start_date": "2023-08-03 10:53:00",
                    "enable_flag": "N",
                    "end_date": "2023-08-31 10:53:00",
                    "pre_purchase_label": "",
                    "salable_pre_quantity": 1630,
                    "total_pre_quantity": 2204,
                    "start_date": "2023-07-01 10:53:00"
                },
                "price_range": {
                    "minimum_price": {
                        "regular_price": {
                            "value": 1000,
                            "currency": "CAD"
                        },
                        "final_price": {
                            "value": 1000,
                            "currency": "CAD"
                        },
                        "discount": {
                            "amount_off": 0,
                            "percent_off": 0
                        }
                    }
                },
                "membership_price": null,
                "msrp_price": null
            },
            "global_shipping_rules": {
                "items": [
                    {
                        "item_id": 0,
                        "delivery_coverage": null,
                        "rules": [
                            {
                                "rule_type": "homedelivery",
                                "rule_code": "PHUONGLT1",
                                "carrier_name": "FedEx",
                                "rule_name": "PHUONGLT1 CA FE",
                                "rule_id": 1084,
                                "delivery_fee": "100",
                                "carrier_code": "US-FDEN",
                                "delivery_dates": [
                                    "2023-11-23",
                                    "2023-11-24",
                                    "2023-11-25",
                                    "2023-11-26",
                                    "2023-11-27"
                                ],
                                "rule_description": "",
                                "show_delivery_lead_time": true,
                                "show_calendar": true,
                                "delivery_lead_time_min": "2",
                                "delivery_lead_time_max": "3",
                                "delivery_disclaimer": "Delivery within  - working days",
                                "position": 0,
                                "installation_services": {
                                    "select_type": "multiple",
                                    "is_required": false,
                                    "services": [
                                        {
                                            "service_id": 1037,
                                            "service_code": "I1",
                                            "service_fee": "50",
                                            "service_name": "Installation ",
                                            "service_description": ""
                                        }
                                    ]
                                },
                                "haulaway_services": {
                                    "select_type": "multiple",
                                    "is_required": false,
                                    "services": [
                                        {
                                            "service_id": 1040,
                                            "service_code": "H1",
                                            "service_fee": "30",
                                            "service_name": "haulaway",
                                            "service_description": ""
                                        }
                                    ]
                                }
                            }
                        ]
                    }
                ]
            },
            "total_segments": [
                {
                    "code": "grand_total",
                    "title": "Grand Total_CA_EN",
                    "value": 1130,
                    "items": null
                },
                {
                    "code": "subtotal_excl_tax",
                    "title": "Subtotal_CA_EN",
                    "value": 1000,
                    "items": null
                },
                {
                    "code": "discount_tooltip",
                    "title": "Discount Tooltip",
                    "value": null,
                    "items": null
                },
                {
                    "code": "tax",
                    "title": "Tax_CA_EN",
                    "value": 130,
                    "items": [
                        {
                            "title": "CA-ON-HST-K",
                            "value": "130"
                        }
                    ]
                }
            ],
            "paymentsImage": {
                "payments_maketing_text": "You can pay with",
                "payments_image": ""
            }
        }
    }
}
  &amp#27;[32mAnd &amp#27;[0m&amp#27;[32mGet Product&amp#27;[0m                               &amp#27;[90m# stepdefinitions.PBPStep.getProduct(io.cucumber.datatable.DataTable)&amp#27;[0m
    | product_id              | postCode |
    | Auto7966073.OMD.ACCA.CA | K0E 0B2  |
&amp#27;[92m|---- And Add To Cart
| product_id | delivery_date | postCode |
| Auto7966073.OMD.ACCA.CA | 2023-11-22 | K0E 0B2 |&amp#27;[0m
key - value: Relivery_date - 2023-11-22
key - value: Count_Installation - 1037
key - value: Count_haulaway - 1040
key - value: Product_id - Auto7966073.OMD.ACCA.CA
key - value: Rule_id - 1084
key - value: CartID - sRcLPWevvvbXN3BLNWOoz2HCj3lUTHY7
key - value: Address_level_4 - K0E 0B2
Get session id: COUNTRY - ca_en
&amp#27;[92m|------ Guest should see a value that is equal to: <200>&amp#27;[0m
{
    "errors": [
        {
            "message": "Invalid Delivery Date",
            "extensions": {
                "category": "graphql-input"
            },
            "locations": [
                {
                    "line": 2,
                    "column": 5
                }
            ],
            "path": [
                "addToCartPbp"
            ]
        }
    ],
    "data": {
        "addToCartPbp": null
    }
}
  &amp#27;[32mAnd &amp#27;[0m&amp#27;[32mAdd To Cart&amp#27;[0m                               &amp#27;[90m# stepdefinitions.PBPStep.addTOCartWithRuleAndLevel(io.cucumber.datatable.DataTable)&amp#27;[0m
    | product_id              | delivery_date | postCode |
    | Auto7966073.OMD.ACCA.CA | 2023-11-22    | K0E 0B2  |
&amp#27;[92m|---- And Set Shipping Address And Billing
| firstname | lastname | company | street | city | region | postcode | country_code | telephone |
| John | Doe | Company Name | [123xx ABC STreet] | Minnetonka | MS | T7P 0T6 | DE | 9526452222 |&amp#27;[0m
key - value: country_code - DE
key - value: firstname - John
key - value: city - Minnetonka
key - value: street - [123xx ABC STreet]
key - value: postcode - T7P 0T6
key - value: company - Company Name
key - value: telephone - 9526452222
key - value: region - MS
key - value: Cart_id - sRcLPWevvvbXN3BLNWOoz2HCj3lUTHY7
key - value: lastname - Doe
Get session id: COUNTRY - ca_en
&amp#27;[92m|------ Guest should see a value that is equal to: <200>&amp#27;[0m
{
    "data": {
        "setShippingAddressesOnCart": {
            "cart": {
                "shipping_addresses": [
                    {
                        "firstname": "John",
                        "lastname": "Doe",
                        "company": "Company Name",
                        "street": [
                            "107 Sydney",
                            "Australian Street"
                        ],
                        "city": "Minnetonka",
                        "region": {
                            "code": null,
                            "label": "AB"
                        },
                        "postcode": "T7P 0T6",
                        "telephone": "9526452222",
                        "country": {
                            "code": "DE",
                            "label": "DE"
                        },
                        "available_shipping_methods": [
                            
                        ]
                    }
                ]
            }
        },
        "setBillingAddressOnCart": {
            "cart": {
                "billing_address": {
                    "firstname": "John",
                    "lastname": "Doe",
                    "company": "Company Name",
                    "street": [
                        "107 Sydney",
                        "Australian Street"
                    ],
                    "city": "Minnetonka",
                    "region": {
                        "code": "MS",
                        "label": "MS"
                    },
                    "postcode": "T7P 0T6",
                    "telephone": "9526452222",
                    "country": {
                        "code": "DE",
                        "label": "DE"
                    }
                }
            }
        }
    }
}
  &amp#27;[32mAnd &amp#27;[0m&amp#27;[32mSet Shipping Address And Billing&amp#27;[0m          &amp#27;[90m# stepdefinitions.CheckoutSteps.setShippngAddressAndBilling(io.cucumber.datatable.DataTable)&amp#27;[0m
    | firstname | lastname | company      | street             | city       | region | postcode | country_code | telephone  |
    | John      | Doe      | Company Name | [123xx ABC STreet] | Minnetonka | MS     | T7P 0T6  | DE           | 9526452222 |
&amp#27;[92m|---- And Get Cart with Selected Shipping Rule&amp#27;[0m
key - value: CartID - sRcLPWevvvbXN3BLNWOoz2HCj3lUTHY7
Get session id: COUNTRY - ca_en
&amp#27;[92m|------ Guest should see a value that is equal to: <200>&amp#27;[0m
{
    "data": {
        "cart": {
            "email": "dunghv1@smartosc.com",
            "available_global_shipping_rules": {
                "items": [
                    
                ]
            },
            "global_shipping_rule_selected": [
                
            ],
            "billing_address": {
                "city": "Minnetonka",
                "country": {
                    "code": "DE",
                    "label": "DE"
                },
                "firstname": "John",
                "lastname": "Doe",
                "postcode": "T7P 0T6",
                "region": {
                    "code": "MS",
                    "label": "MS"
                },
                "street": [
                    "107 Sydney",
                    "Australian Street"
                ],
                "telephone": "9526452222"
            },
            "shipping_addresses": [
                {
                    "firstname": "John",
                    "lastname": "Doe",
                    "street": [
                        "107 Sydney",
                        "Australian Street"
                    ],
                    "city": "Minnetonka",
                    "region": {
                        "code": null,
                        "label": "AB"
                    },
                    "country": {
                        "code": "DE",
                        "label": "DE"
                    },
                    "telephone": "9526452222",
                    "available_shipping_methods": [
                        
                    ],
                    "selected_shipping_method": null
                }
            ],
            "items": [
                
            ],
            "available_payment_methods": [
                {
                    "code": "cashondelivery",
                    "title": "Cash On Delivery (for testing only)"
                },
                {
                    "code": "paypal_express",
                    "title": "PayPal Express Checkout"
                },
                {
                    "code": "stripe_payments",
                    "title": "Pay online"
                },
                {
                    "code": "adyen_cc_ca",
                    "title": "Credit Card Ca"
                },
                {
                    "code": "adyen_cc",
                    "title": "Credit Card Adyen"
                }
            ],
            "selected_payment_method": {
                "code": "",
                "title": ""
            },
            "applied_coupons": null,
            "prices": {
                "grand_total": {
                    "value": 0,
                    "currency": "CAD"
                }
            }
        }
    }
}
  &amp#27;[32mAnd &amp#27;[0m&amp#27;[32mGet Cart with Selected Shipping Rule&amp#27;[0m      &amp#27;[90m# stepdefinitions.CheckoutSteps.getCartwithSelectedShippingRule()&amp#27;[0m
&amp#27;[92m|---- And Set Payment Method "cashondelivery"&amp#27;[0m
key - value: code - cashondelivery
key - value: CartID - sRcLPWevvvbXN3BLNWOoz2HCj3lUTHY7
Get session id: COUNTRY - ca_en
&amp#27;[92m|------ Guest should see a value that is equal to: <200>&amp#27;[0m
{
    "errors": [
        {
            "message": "The requested Payment Method is not available.",
            "extensions": {
                "category": "graphql-input"
            },
            "locations": [
                {
                    "line": 2,
                    "column": 5
                }
            ],
            "path": [
                "setPaymentMethodOnCart"
            ]
        }
    ],
    "data": {
        "setPaymentMethodOnCart": null
    }
}
  &amp#27;[32mAnd &amp#27;[0m&amp#27;[32mSet Payment Method &amp#27;[0m&amp#27;[32m&amp#27;[1m"cashondelivery"&amp#27;[0m       &amp#27;[90m# stepdefinitions.CheckoutSteps.setPaymentMethod(java.lang.String)&amp#27;[0m
&amp#27;[92m|---- And Place Oder&amp#27;[0m
key - value: CartID - sRcLPWevvvbXN3BLNWOoz2HCj3lUTHY7
Get session id: COUNTRY - ca_en
&amp#27;[92m|------ Guest should see a value that is equal to: <200>&amp#27;[0m
{
    "errors": [
        {
            "message": "Something went wrong, please contact our Admin for support",
            "extensions": {
                "category": "internal"
            },
            "locations": [
                {
                    "line": 2,
                    "column": 5
                }
            ],
            "path": [
                "placeOrder"
            ]
        }
    ],
    "data": {
        "placeOrder": null
    }
}
  &amp#27;[32mAnd &amp#27;[0m&amp#27;[32mPlace Oder&amp#27;[0m                                &amp#27;[90m# stepdefinitions.CheckoutSteps.placeOder()&amp#27;[0m
After run global shipping method
]]></system-out>
    <system-err><![CDATA[[main] INFO io.cucumber.core.plugin.SerenityReporter - Running feature from file:///D:/Automation-Api/GSM_API/src/test/resources/features/GlobalShippingMethod.feature
[main] INFO  - &amp#27;[96m

-------------------------------------------------------------------------------------
     _______. _______ .______       _______ .__   __.  __  .___________.____    ____ 
    /       ||   ____||   _  \     |   ____||  \ |  | |  | |           |\   \  /   / 
   |   (----`|  |__   |  |_)  |    |  |__   |   \|  | |  | `---|  |----` \   \/   /  
    \   \    |   __|  |      /     |   __|  |  . `  | |  |     |  |       \_    _/   
.----)   |   |  |____ |  |\  \----.|  |____ |  |\   | |  |     |  |         |  |     
|_______/    |_______|| _| `._____||_______||__| \__| |__|     |__|         |__|    
                                                                                     
 News and tutorials at http://www.serenity-bdd.info                                  
 Documentation at https://wakaleo.gitbooks.io/the-serenity-book/content/             
 Join the Serenity Community on Gitter: https://gitter.im/serenity-bdd/serenity-core 
 Serenity BDD Support and Training at http://serenity-bdd.info/#/trainingandsupport  
-------------------------------------------------------------------------------------
&amp#27;[0m
[main] INFO  - Test Suite Started: Demo Guest place order with API
[main] INFO io.cucumber.core.plugin.SerenityReporter - Running feature from file:///D:/Automation-Api/GSM_API/src/test/resources/features/GlobalShippingMethod.feature
[main] INFO  - Test Suite Started: Demo Guest place order with API
[main] INFO io.cucumber.core.plugin.SerenityReporter - Running feature from file:///D:/Automation-Api/GSM_API/src/test/resources/features/GlobalShippingMethod.feature
[main] INFO  - 
  _____   ___   ___   _____     ___   _____     _     ___   _____   ___   ___  
 |_   _| | __| / __| |_   _|   / __| |_   _|   /_\   | _ \ |_   _| | __| |   \ 
   | |   | _|  \__ \   | |     \__ \   | |    / _ \  |   /   | |   | _|  | |) |
   |_|   |___| |___/   |_|     |___/   |_|   /_/ \_\ |_|_\   |_|   |___| |___/ 

global shipping method(demo-guest-place-order-with-api;global-shipping-method)
--------------------------------------------------------------------------------
[main] INFO  - &amp#27;[92m
  _____   ___   ___   _____     ___     _     ___   ___   ___   ___  
 |_   _| | __| / __| |_   _|   | _ \   /_\   / __| / __| | __| |   \ 
   | |   | _|  \__ \   | |     |  _/  / _ \  \__ \ \__ \ | _|  | |) |
   |_|   |___| |___/   |_|     |_|   /_/ \_\ |___/ |___/ |___| |___/ 

global shipping method
----------------------------------------------------------------------&amp#27;[0m
]]></system-err>
  </testcase>
</testsuite>